{"meta": {"format": 3, "version": "7.10.0", "timestamp": "2025-08-17T00:45:19.445110", "branch_coverage": true, "show_contexts": false}, "files": {"src/__init__.py": {"executed_lines": [1, 6], "summary": {"covered_lines": 1, "num_statements": 1, "percent_covered": 100.0, "percent_covered_display": "100.00", "missing_lines": 0, "excluded_lines": 0, "num_branches": 0, "num_partial_branches": 0, "covered_branches": 0, "missing_branches": 0}, "missing_lines": [], "excluded_lines": [], "executed_branches": [], "missing_branches": [], "functions": {"": {"executed_lines": [1, 6], "summary": {"covered_lines": 1, "num_statements": 1, "percent_covered": 100.0, "percent_covered_display": "100.00", "missing_lines": 0, "excluded_lines": 0, "num_branches": 0, "num_partial_branches": 0, "covered_branches": 0, "missing_branches": 0}, "missing_lines": [], "excluded_lines": [], "executed_branches": [], "missing_branches": []}}, "classes": {"": {"executed_lines": [1, 6], "summary": {"covered_lines": 1, "num_statements": 1, "percent_covered": 100.0, "percent_covered_display": "100.00", "missing_lines": 0, "excluded_lines": 0, "num_branches": 0, "num_partial_branches": 0, "covered_branches": 0, "missing_branches": 0}, "missing_lines": [], "excluded_lines": [], "executed_branches": [], "missing_branches": []}}}, "src/application/__init__.py": {"executed_lines": [], "summary": {"covered_lines": 0, "num_statements": 0, "percent_covered": 100.0, "percent_covered_display": "100.00", "missing_lines": 0, "excluded_lines": 0, "num_branches": 0, "num_partial_branches": 0, "covered_branches": 0, "missing_branches": 0}, "missing_lines": [], "excluded_lines": [], "executed_branches": [], "missing_branches": [], "functions": {"": {"executed_lines": [], "summary": {"covered_lines": 0, "num_statements": 0, "percent_covered": 100.0, "percent_covered_display": "100.00", "missing_lines": 0, "excluded_lines": 0, "num_branches": 0, "num_partial_branches": 0, "covered_branches": 0, "missing_branches": 0}, "missing_lines": [], "excluded_lines": [], "executed_branches": [], "missing_branches": []}}, "classes": {"": {"executed_lines": [], "summary": {"covered_lines": 0, "num_statements": 0, "percent_covered": 100.0, "percent_covered_display": "100.00", "missing_lines": 0, "excluded_lines": 0, "num_branches": 0, "num_partial_branches": 0, "covered_branches": 0, "missing_branches": 0}, "missing_lines": [], "excluded_lines": [], "executed_branches": [], "missing_branches": []}}}, "src/domain/__init__.py": {"executed_lines": [1], "summary": {"covered_lines": 0, "num_statements": 0, "percent_covered": 100.0, "percent_covered_display": "100.00", "missing_lines": 0, "excluded_lines": 0, "num_branches": 0, "num_partial_branches": 0, "covered_branches": 0, "missing_branches": 0}, "missing_lines": [], "excluded_lines": [], "executed_branches": [], "missing_branches": [], "functions": {"": {"executed_lines": [1], "summary": {"covered_lines": 0, "num_statements": 0, "percent_covered": 100.0, "percent_covered_display": "100.00", "missing_lines": 0, "excluded_lines": 0, "num_branches": 0, "num_partial_branches": 0, "covered_branches": 0, "missing_branches": 0}, "missing_lines": [], "excluded_lines": [], "executed_branches": [], "missing_branches": []}}, "classes": {"": {"executed_lines": [1], "summary": {"covered_lines": 0, "num_statements": 0, "percent_covered": 100.0, "percent_covered_display": "100.00", "missing_lines": 0, "excluded_lines": 0, "num_branches": 0, "num_partial_branches": 0, "covered_branches": 0, "missing_branches": 0}, "missing_lines": [], "excluded_lines": [], "executed_branches": [], "missing_branches": []}}}, "src/domain/entities/__init__.py": {"executed_lines": [1, 3, 4, 5, 7], "summary": {"covered_lines": 4, "num_statements": 4, "percent_covered": 100.0, "percent_covered_display": "100.00", "missing_lines": 0, "excluded_lines": 0, "num_branches": 0, "num_partial_branches": 0, "covered_branches": 0, "missing_branches": 0}, "missing_lines": [], "excluded_lines": [], "executed_branches": [], "missing_branches": [], "functions": {"": {"executed_lines": [1, 3, 4, 5, 7], "summary": {"covered_lines": 4, "num_statements": 4, "percent_covered": 100.0, "percent_covered_display": "100.00", "missing_lines": 0, "excluded_lines": 0, "num_branches": 0, "num_partial_branches": 0, "covered_branches": 0, "missing_branches": 0}, "missing_lines": [], "excluded_lines": [], "executed_branches": [], "missing_branches": []}}, "classes": {"": {"executed_lines": [1, 3, 4, 5, 7], "summary": {"covered_lines": 4, "num_statements": 4, "percent_covered": 100.0, "percent_covered_display": "100.00", "missing_lines": 0, "excluded_lines": 0, "num_branches": 0, "num_partial_branches": 0, "covered_branches": 0, "missing_branches": 0}, "missing_lines": [], "excluded_lines": [], "executed_branches": [], "missing_branches": []}}}, "src/domain/entities/order.py": {"executed_lines": [1, 5, 6, 7, 8, 9, 12, 13, 14, 15, 18, 19, 20, 21, 22, 23, 26, 27, 28, 29, 30, 31, 32, 33, 34, 37, 38, 39, 40, 41, 42, 45, 46, 47, 55, 58, 59, 60, 61, 64, 65, 68, 69, 72, 73, 74, 77, 78, 79, 80, 83, 84, 86, 90, 114, 115, 131, 132, 152, 153, 171, 180, 218, 228, 236, 244, 253, 257, 263, 273], "summary": {"covered_lines": 63, "num_statements": 128, "percent_covered": 36.627906976744185, "percent_covered_display": "36.63", "missing_lines": 65, "excluded_lines": 12, "num_branches": 44, "num_partial_branches": 0, "covered_branches": 0, "missing_branches": 44}, "missing_lines": [88, 92, 93, 95, 96, 98, 99, 101, 102, 104, 105, 106, 108, 109, 111, 112, 123, 142, 162, 173, 174, 176, 177, 178, 187, 188, 190, 191, 193, 194, 196, 197, 198, 203, 204, 206, 207, 209, 212, 213, 214, 216, 220, 221, 223, 224, 225, 226, 230, 231, 233, 234, 238, 246, 255, 259, 260, 261, 265, 266, 267, 268, 269, 270, 271], "excluded_lines": [273, 274, 275, 276, 277, 278, 279, 280, 281, 282, 283, 284], "executed_branches": [], "missing_branches": [[92, 93], [92, 95], [95, 96], [95, 98], [98, 99], [98, 101], [101, 102], [101, 104], [104, 105], [104, 108], [105, 106], [105, 108], [108, 109], [108, 111], [111, -90], [111, 112], [173, 174], [173, 176], [187, 188], [187, 190], [190, 191], [190, 193], [193, 194], [193, 196], [197, 198], [197, 203], [203, 204], [203, 206], [212, 213], [212, 216], [220, 221], [220, 223], [225, -218], [225, 226], [230, 231], [230, 233], [259, 260], [259, 261], [265, 266], [265, 269], [266, 267], [266, 268], [269, 270], [269, 271]], "functions": {"Order.__post_init__": {"executed_lines": [], "summary": {"covered_lines": 0, "num_statements": 1, "percent_covered": 0.0, "percent_covered_display": "0.00", "missing_lines": 1, "excluded_lines": 0, "num_branches": 0, "num_partial_branches": 0, "covered_branches": 0, "missing_branches": 0}, "missing_lines": [88], "excluded_lines": [], "executed_branches": [], "missing_branches": []}, "Order._validate": {"executed_lines": [], "summary": {"covered_lines": 0, "num_statements": 15, "percent_covered": 0.0, "percent_covered_display": "0.00", "missing_lines": 15, "excluded_lines": 0, "num_branches": 16, "num_partial_branches": 0, "covered_branches": 0, "missing_branches": 16}, "missing_lines": [92, 93, 95, 96, 98, 99, 101, 102, 104, 105, 106, 108, 109, 111, 112], "excluded_lines": [], "executed_branches": [], "missing_branches": [[92, 93], [92, 95], [95, 96], [95, 98], [98, 99], [98, 101], [101, 102], [101, 104], [104, 105], [104, 108], [105, 106], [105, 108], [108, 109], [108, 111], [111, -90], [111, 112]]}, "Order.create_market_order": {"executed_lines": [], "summary": {"covered_lines": 0, "num_statements": 1, "percent_covered": 0.0, "percent_covered_display": "0.00", "missing_lines": 1, "excluded_lines": 0, "num_branches": 0, "num_partial_branches": 0, "covered_branches": 0, "missing_branches": 0}, "missing_lines": [123], "excluded_lines": [], "executed_branches": [], "missing_branches": []}, "Order.create_limit_order": {"executed_lines": [], "summary": {"covered_lines": 0, "num_statements": 1, "percent_covered": 0.0, "percent_covered_display": "0.00", "missing_lines": 1, "excluded_lines": 0, "num_branches": 0, "num_partial_branches": 0, "covered_branches": 0, "missing_branches": 0}, "missing_lines": [142], "excluded_lines": [], "executed_branches": [], "missing_branches": []}, "Order.create_stop_order": {"executed_lines": [], "summary": {"covered_lines": 0, "num_statements": 1, "percent_covered": 0.0, "percent_covered_display": "0.00", "missing_lines": 1, "excluded_lines": 0, "num_branches": 0, "num_partial_branches": 0, "covered_branches": 0, "missing_branches": 0}, "missing_lines": [162], "excluded_lines": [], "executed_branches": [], "missing_branches": []}, "Order.submit": {"executed_lines": [], "summary": {"covered_lines": 0, "num_statements": 5, "percent_covered": 0.0, "percent_covered_display": "0.00", "missing_lines": 5, "excluded_lines": 0, "num_branches": 2, "num_partial_branches": 0, "covered_branches": 0, "missing_branches": 2}, "missing_lines": [173, 174, 176, 177, 178], "excluded_lines": [], "executed_branches": [], "missing_branches": [[173, 174], [173, 176]]}, "Order.fill": {"executed_lines": [], "summary": {"covered_lines": 0, "num_statements": 18, "percent_covered": 0.0, "percent_covered_display": "0.00", "missing_lines": 18, "excluded_lines": 0, "num_branches": 12, "num_partial_branches": 0, "covered_branches": 0, "missing_branches": 12}, "missing_lines": [187, 188, 190, 191, 193, 194, 196, 197, 198, 203, 204, 206, 207, 209, 212, 213, 214, 216], "excluded_lines": [], "executed_branches": [], "missing_branches": [[187, 188], [187, 190], [190, 191], [190, 193], [193, 194], [193, 196], [197, 198], [197, 203], [203, 204], [203, 206], [212, 213], [212, 216]]}, "Order.cancel": {"executed_lines": [], "summary": {"covered_lines": 0, "num_statements": 6, "percent_covered": 0.0, "percent_covered_display": "0.00", "missing_lines": 6, "excluded_lines": 0, "num_branches": 4, "num_partial_branches": 0, "covered_branches": 0, "missing_branches": 4}, "missing_lines": [220, 221, 223, 224, 225, 226], "excluded_lines": [], "executed_branches": [], "missing_branches": [[220, 221], [220, 223], [225, -218], [225, 226]]}, "Order.reject": {"executed_lines": [], "summary": {"covered_lines": 0, "num_statements": 4, "percent_covered": 0.0, "percent_covered_display": "0.00", "missing_lines": 4, "excluded_lines": 0, "num_branches": 2, "num_partial_branches": 0, "covered_branches": 0, "missing_branches": 2}, "missing_lines": [230, 231, 233, 234], "excluded_lines": [], "executed_branches": [], "missing_branches": [[230, 231], [230, 233]]}, "Order.is_active": {"executed_lines": [], "summary": {"covered_lines": 0, "num_statements": 1, "percent_covered": 0.0, "percent_covered_display": "0.00", "missing_lines": 1, "excluded_lines": 0, "num_branches": 0, "num_partial_branches": 0, "covered_branches": 0, "missing_branches": 0}, "missing_lines": [238], "excluded_lines": [], "executed_branches": [], "missing_branches": []}, "Order.is_complete": {"executed_lines": [], "summary": {"covered_lines": 0, "num_statements": 1, "percent_covered": 0.0, "percent_covered_display": "0.00", "missing_lines": 1, "excluded_lines": 0, "num_branches": 0, "num_partial_branches": 0, "covered_branches": 0, "missing_branches": 0}, "missing_lines": [246], "excluded_lines": [], "executed_branches": [], "missing_branches": []}, "Order.get_remaining_quantity": {"executed_lines": [], "summary": {"covered_lines": 0, "num_statements": 1, "percent_covered": 0.0, "percent_covered_display": "0.00", "missing_lines": 1, "excluded_lines": 0, "num_branches": 0, "num_partial_branches": 0, "covered_branches": 0, "missing_branches": 0}, "missing_lines": [255], "excluded_lines": [], "executed_branches": [], "missing_branches": []}, "Order.get_fill_ratio": {"executed_lines": [], "summary": {"covered_lines": 0, "num_statements": 3, "percent_covered": 0.0, "percent_covered_display": "0.00", "missing_lines": 3, "excluded_lines": 0, "num_branches": 2, "num_partial_branches": 0, "covered_branches": 0, "missing_branches": 2}, "missing_lines": [259, 260, 261], "excluded_lines": [], "executed_branches": [], "missing_branches": [[259, 260], [259, 261]]}, "Order.get_notional_value": {"executed_lines": [], "summary": {"covered_lines": 0, "num_statements": 7, "percent_covered": 0.0, "percent_covered_display": "0.00", "missing_lines": 7, "excluded_lines": 0, "num_branches": 6, "num_partial_branches": 0, "covered_branches": 0, "missing_branches": 6}, "missing_lines": [265, 266, 267, 268, 269, 270, 271], "excluded_lines": [], "executed_branches": [], "missing_branches": [[265, 266], [265, 269], [266, 267], [266, 268], [269, 270], [269, 271]]}, "Order.__str__": {"executed_lines": [], "summary": {"covered_lines": 0, "num_statements": 0, "percent_covered": 100.0, "percent_covered_display": "100.00", "missing_lines": 0, "excluded_lines": 11, "num_branches": 0, "num_partial_branches": 0, "covered_branches": 0, "missing_branches": 0}, "missing_lines": [], "excluded_lines": [274, 275, 276, 277, 278, 279, 280, 281, 282, 283, 284], "executed_branches": [], "missing_branches": []}, "": {"executed_lines": [1, 5, 6, 7, 8, 9, 12, 13, 14, 15, 18, 19, 20, 21, 22, 23, 26, 27, 28, 29, 30, 31, 32, 33, 34, 37, 38, 39, 40, 41, 42, 45, 46, 47, 55, 58, 59, 60, 61, 64, 65, 68, 69, 72, 73, 74, 77, 78, 79, 80, 83, 84, 86, 90, 114, 115, 131, 132, 152, 153, 171, 180, 218, 228, 236, 244, 253, 257, 263, 273], "summary": {"covered_lines": 63, "num_statements": 63, "percent_covered": 100.0, "percent_covered_display": "100.00", "missing_lines": 0, "excluded_lines": 1, "num_branches": 0, "num_partial_branches": 0, "covered_branches": 0, "missing_branches": 0}, "missing_lines": [], "excluded_lines": [273], "executed_branches": [], "missing_branches": []}}, "classes": {"OrderSide": {"executed_lines": [], "summary": {"covered_lines": 0, "num_statements": 0, "percent_covered": 100.0, "percent_covered_display": "100.00", "missing_lines": 0, "excluded_lines": 0, "num_branches": 0, "num_partial_branches": 0, "covered_branches": 0, "missing_branches": 0}, "missing_lines": [], "excluded_lines": [], "executed_branches": [], "missing_branches": []}, "OrderType": {"executed_lines": [], "summary": {"covered_lines": 0, "num_statements": 0, "percent_covered": 100.0, "percent_covered_display": "100.00", "missing_lines": 0, "excluded_lines": 0, "num_branches": 0, "num_partial_branches": 0, "covered_branches": 0, "missing_branches": 0}, "missing_lines": [], "excluded_lines": [], "executed_branches": [], "missing_branches": []}, "OrderStatus": {"executed_lines": [], "summary": {"covered_lines": 0, "num_statements": 0, "percent_covered": 100.0, "percent_covered_display": "100.00", "missing_lines": 0, "excluded_lines": 0, "num_branches": 0, "num_partial_branches": 0, "covered_branches": 0, "missing_branches": 0}, "missing_lines": [], "excluded_lines": [], "executed_branches": [], "missing_branches": []}, "TimeInForce": {"executed_lines": [], "summary": {"covered_lines": 0, "num_statements": 0, "percent_covered": 100.0, "percent_covered_display": "100.00", "missing_lines": 0, "excluded_lines": 0, "num_branches": 0, "num_partial_branches": 0, "covered_branches": 0, "missing_branches": 0}, "missing_lines": [], "excluded_lines": [], "executed_branches": [], "missing_branches": []}, "Order": {"executed_lines": [], "summary": {"covered_lines": 0, "num_statements": 65, "percent_covered": 0.0, "percent_covered_display": "0.00", "missing_lines": 65, "excluded_lines": 11, "num_branches": 44, "num_partial_branches": 0, "covered_branches": 0, "missing_branches": 44}, "missing_lines": [88, 92, 93, 95, 96, 98, 99, 101, 102, 104, 105, 106, 108, 109, 111, 112, 123, 142, 162, 173, 174, 176, 177, 178, 187, 188, 190, 191, 193, 194, 196, 197, 198, 203, 204, 206, 207, 209, 212, 213, 214, 216, 220, 221, 223, 224, 225, 226, 230, 231, 233, 234, 238, 246, 255, 259, 260, 261, 265, 266, 267, 268, 269, 270, 271], "excluded_lines": [274, 275, 276, 277, 278, 279, 280, 281, 282, 283, 284], "executed_branches": [], "missing_branches": [[92, 93], [92, 95], [95, 96], [95, 98], [98, 99], [98, 101], [101, 102], [101, 104], [104, 105], [104, 108], [105, 106], [105, 108], [108, 109], [108, 111], [111, -90], [111, 112], [173, 174], [173, 176], [187, 188], [187, 190], [190, 191], [190, 193], [193, 194], [193, 196], [197, 198], [197, 203], [203, 204], [203, 206], [212, 213], [212, 216], [220, 221], [220, 223], [225, -218], [225, 226], [230, 231], [230, 233], [259, 260], [259, 261], [265, 266], [265, 269], [266, 267], [266, 268], [269, 270], [269, 271]]}, "": {"executed_lines": [1, 5, 6, 7, 8, 9, 12, 13, 14, 15, 18, 19, 20, 21, 22, 23, 26, 27, 28, 29, 30, 31, 32, 33, 34, 37, 38, 39, 40, 41, 42, 45, 46, 47, 55, 58, 59, 60, 61, 64, 65, 68, 69, 72, 73, 74, 77, 78, 79, 80, 83, 84, 86, 90, 114, 115, 131, 132, 152, 153, 171, 180, 218, 228, 236, 244, 253, 257, 263, 273], "summary": {"covered_lines": 63, "num_statements": 63, "percent_covered": 100.0, "percent_covered_display": "100.00", "missing_lines": 0, "excluded_lines": 1, "num_branches": 0, "num_partial_branches": 0, "covered_branches": 0, "missing_branches": 0}, "missing_lines": [], "excluded_lines": [273], "executed_branches": [], "missing_branches": []}}}, "src/domain/entities/portfolio.py": {"executed_lines": [1, 5, 6, 7, 8, 10, 13, 14, 15, 23, 24, 27, 28, 31, 34, 35, 36, 37, 40, 41, 42, 43, 44, 47, 48, 51, 52, 54, 58, 78, 119, 151, 189, 197, 205, 209, 213, 217, 228, 239, 250, 254, 262, 270, 282, 294, 310, 321, 330, 350], "summary": {"covered_lines": 47, "num_statements": 169, "percent_covered": 19.183673469387756, "percent_covered_display": "19.18", "missing_lines": 122, "excluded_lines": 7, "num_branches": 76, "num_partial_branches": 0, "covered_branches": 0, "missing_branches": 76}, "missing_lines": [56, 60, 61, 63, 64, 66, 67, 69, 70, 72, 73, 75, 76, 91, 92, 95, 96, 97, 100, 101, 102, 105, 106, 107, 110, 111, 112, 113, 114, 115, 117, 129, 130, 131, 134, 143, 144, 145, 146, 147, 149, 163, 164, 166, 167, 168, 171, 172, 175, 176, 177, 180, 181, 182, 183, 185, 187, 191, 192, 194, 195, 199, 200, 201, 203, 207, 211, 215, 219, 221, 222, 223, 224, 226, 230, 232, 233, 234, 235, 237, 241, 243, 244, 245, 246, 248, 252, 256, 257, 259, 260, 264, 265, 266, 268, 272, 273, 275, 276, 277, 278, 280, 284, 285, 287, 288, 289, 290, 292, 296, 297, 299, 300, 301, 302, 303, 305, 306, 308, 319, 328, 332], "excluded_lines": [350, 351, 352, 353, 354, 355, 356], "executed_branches": [], "missing_branches": [[60, 61], [60, 63], [63, 64], [63, 66], [66, 67], [66, 69], [69, 70], [69, 72], [72, 73], [72, 75], [75, -58], [75, 76], [91, 92], [91, 95], [96, 97], [96, 100], [101, 102], [101, 105], [106, 107], [106, 110], [111, 112], [111, 117], [114, 115], [114, 117], [130, 131], [130, 134], [163, 164], [163, 166], [167, 168], [167, 171], [180, 181], [180, 182], [182, 183], [182, 185], [191, 192], [191, 194], [199, 200], [199, 203], [200, 199], [200, 201], [221, 222], [221, 226], [223, 221], [223, 224], [232, 233], [232, 237], [234, 232], [234, 235], [243, 244], [243, 248], [245, 243], [245, 246], [256, 257], [256, 259], [265, 266], [265, 268], [272, 273], [272, 275], [276, 277], [276, 280], [277, 276], [277, 278], [284, 285], [284, 287], [288, 289], [288, 292], [289, 288], [289, 290], [299, 300], [299, 305], [300, 301], [300, 302], [302, 299], [302, 303], [305, 306], [305, 308]], "functions": {"Portfolio.__post_init__": {"executed_lines": [], "summary": {"covered_lines": 0, "num_statements": 1, "percent_covered": 0.0, "percent_covered_display": "0.00", "missing_lines": 1, "excluded_lines": 0, "num_branches": 0, "num_partial_branches": 0, "covered_branches": 0, "missing_branches": 0}, "missing_lines": [56], "excluded_lines": [], "executed_branches": [], "missing_branches": []}, "Portfolio._validate": {"executed_lines": [], "summary": {"covered_lines": 0, "num_statements": 12, "percent_covered": 0.0, "percent_covered_display": "0.00", "missing_lines": 12, "excluded_lines": 0, "num_branches": 12, "num_partial_branches": 0, "covered_branches": 0, "missing_branches": 12}, "missing_lines": [60, 61, 63, 64, 66, 67, 69, 70, 72, 73, 75, 76], "excluded_lines": [], "executed_branches": [], "missing_branches": [[60, 61], [60, 63], [63, 64], [63, 66], [66, 67], [66, 69], [69, 70], [69, 72], [72, 73], [72, 75], [75, -58], [75, 76]]}, "Portfolio.can_open_position": {"executed_lines": [], "summary": {"covered_lines": 0, "num_statements": 18, "percent_covered": 0.0, "percent_covered_display": "0.00", "missing_lines": 18, "excluded_lines": 0, "num_branches": 12, "num_partial_branches": 0, "covered_branches": 0, "missing_branches": 12}, "missing_lines": [91, 92, 95, 96, 97, 100, 101, 102, 105, 106, 107, 110, 111, 112, 113, 114, 115, 117], "excluded_lines": [], "executed_branches": [], "missing_branches": [[91, 92], [91, 95], [96, 97], [96, 100], [101, 102], [101, 105], [106, 107], [106, 110], [111, 112], [111, 117], [114, 115], [114, 117]]}, "Portfolio.open_position": {"executed_lines": [], "summary": {"covered_lines": 0, "num_statements": 10, "percent_covered": 0.0, "percent_covered_display": "0.00", "missing_lines": 10, "excluded_lines": 0, "num_branches": 2, "num_partial_branches": 0, "covered_branches": 0, "missing_branches": 2}, "missing_lines": [129, 130, 131, 134, 143, 144, 145, 146, 147, 149], "excluded_lines": [], "executed_branches": [], "missing_branches": [[130, 131], [130, 134]]}, "Portfolio.close_position": {"executed_lines": [], "summary": {"covered_lines": 0, "num_statements": 16, "percent_covered": 0.0, "percent_covered_display": "0.00", "missing_lines": 16, "excluded_lines": 0, "num_branches": 8, "num_partial_branches": 0, "covered_branches": 0, "missing_branches": 8}, "missing_lines": [163, 164, 166, 167, 168, 171, 172, 175, 176, 177, 180, 181, 182, 183, 185, 187], "excluded_lines": [], "executed_branches": [], "missing_branches": [[163, 164], [163, 166], [167, 168], [167, 171], [180, 181], [180, 182], [182, 183], [182, 185]]}, "Portfolio.update_position_price": {"executed_lines": [], "summary": {"covered_lines": 0, "num_statements": 4, "percent_covered": 0.0, "percent_covered_display": "0.00", "missing_lines": 4, "excluded_lines": 0, "num_branches": 2, "num_partial_branches": 0, "covered_branches": 0, "missing_branches": 2}, "missing_lines": [191, 192, 194, 195], "excluded_lines": [], "executed_branches": [], "missing_branches": [[191, 192], [191, 194]]}, "Portfolio.update_all_prices": {"executed_lines": [], "summary": {"covered_lines": 0, "num_statements": 4, "percent_covered": 0.0, "percent_covered_display": "0.00", "missing_lines": 4, "excluded_lines": 0, "num_branches": 4, "num_partial_branches": 0, "covered_branches": 0, "missing_branches": 4}, "missing_lines": [199, 200, 201, 203], "excluded_lines": [], "executed_branches": [], "missing_branches": [[199, 200], [199, 203], [200, 199], [200, 201]]}, "Portfolio.get_position": {"executed_lines": [], "summary": {"covered_lines": 0, "num_statements": 1, "percent_covered": 0.0, "percent_covered_display": "0.00", "missing_lines": 1, "excluded_lines": 0, "num_branches": 0, "num_partial_branches": 0, "covered_branches": 0, "missing_branches": 0}, "missing_lines": [207], "excluded_lines": [], "executed_branches": [], "missing_branches": []}, "Portfolio.get_open_positions": {"executed_lines": [], "summary": {"covered_lines": 0, "num_statements": 1, "percent_covered": 0.0, "percent_covered_display": "0.00", "missing_lines": 1, "excluded_lines": 0, "num_branches": 0, "num_partial_branches": 0, "covered_branches": 0, "missing_branches": 0}, "missing_lines": [211], "excluded_lines": [], "executed_branches": [], "missing_branches": []}, "Portfolio.get_closed_positions": {"executed_lines": [], "summary": {"covered_lines": 0, "num_statements": 1, "percent_covered": 0.0, "percent_covered_display": "0.00", "missing_lines": 1, "excluded_lines": 0, "num_branches": 0, "num_partial_branches": 0, "covered_branches": 0, "missing_branches": 0}, "missing_lines": [215], "excluded_lines": [], "executed_branches": [], "missing_branches": []}, "Portfolio.get_total_value": {"executed_lines": [], "summary": {"covered_lines": 0, "num_statements": 6, "percent_covered": 0.0, "percent_covered_display": "0.00", "missing_lines": 6, "excluded_lines": 0, "num_branches": 4, "num_partial_branches": 0, "covered_branches": 0, "missing_branches": 4}, "missing_lines": [219, 221, 222, 223, 224, 226], "excluded_lines": [], "executed_branches": [], "missing_branches": [[221, 222], [221, 226], [223, 221], [223, 224]]}, "Portfolio.get_positions_value": {"executed_lines": [], "summary": {"covered_lines": 0, "num_statements": 6, "percent_covered": 0.0, "percent_covered_display": "0.00", "missing_lines": 6, "excluded_lines": 0, "num_branches": 4, "num_partial_branches": 0, "covered_branches": 0, "missing_branches": 4}, "missing_lines": [230, 232, 233, 234, 235, 237], "excluded_lines": [], "executed_branches": [], "missing_branches": [[232, 233], [232, 237], [234, 232], [234, 235]]}, "Portfolio.get_unrealized_pnl": {"executed_lines": [], "summary": {"covered_lines": 0, "num_statements": 6, "percent_covered": 0.0, "percent_covered_display": "0.00", "missing_lines": 6, "excluded_lines": 0, "num_branches": 4, "num_partial_branches": 0, "covered_branches": 0, "missing_branches": 4}, "missing_lines": [241, 243, 244, 245, 246, 248], "excluded_lines": [], "executed_branches": [], "missing_branches": [[243, 244], [243, 248], [245, 243], [245, 246]]}, "Portfolio.get_total_pnl": {"executed_lines": [], "summary": {"covered_lines": 0, "num_statements": 1, "percent_covered": 0.0, "percent_covered_display": "0.00", "missing_lines": 1, "excluded_lines": 0, "num_branches": 0, "num_partial_branches": 0, "covered_branches": 0, "missing_branches": 0}, "missing_lines": [252], "excluded_lines": [], "executed_branches": [], "missing_branches": []}, "Portfolio.get_return_percentage": {"executed_lines": [], "summary": {"covered_lines": 0, "num_statements": 4, "percent_covered": 0.0, "percent_covered_display": "0.00", "missing_lines": 4, "excluded_lines": 0, "num_branches": 2, "num_partial_branches": 0, "covered_branches": 0, "missing_branches": 2}, "missing_lines": [256, 257, 259, 260], "excluded_lines": [], "executed_branches": [], "missing_branches": [[256, 257], [256, 259]]}, "Portfolio.get_win_rate": {"executed_lines": [], "summary": {"covered_lines": 0, "num_statements": 4, "percent_covered": 0.0, "percent_covered_display": "0.00", "missing_lines": 4, "excluded_lines": 0, "num_branches": 2, "num_partial_branches": 0, "covered_branches": 0, "missing_branches": 2}, "missing_lines": [264, 265, 266, 268], "excluded_lines": [], "executed_branches": [], "missing_branches": [[265, 266], [265, 268]]}, "Portfolio.get_average_win": {"executed_lines": [], "summary": {"covered_lines": 0, "num_statements": 7, "percent_covered": 0.0, "percent_covered_display": "0.00", "missing_lines": 7, "excluded_lines": 0, "num_branches": 6, "num_partial_branches": 0, "covered_branches": 0, "missing_branches": 6}, "missing_lines": [272, 273, 275, 276, 277, 278, 280], "excluded_lines": [], "executed_branches": [], "missing_branches": [[272, 273], [272, 275], [276, 277], [276, 280], [277, 276], [277, 278]]}, "Portfolio.get_average_loss": {"executed_lines": [], "summary": {"covered_lines": 0, "num_statements": 7, "percent_covered": 0.0, "percent_covered_display": "0.00", "missing_lines": 7, "excluded_lines": 0, "num_branches": 6, "num_partial_branches": 0, "covered_branches": 0, "missing_branches": 6}, "missing_lines": [284, 285, 287, 288, 289, 290, 292], "excluded_lines": [], "executed_branches": [], "missing_branches": [[284, 285], [284, 287], [288, 289], [288, 292], [289, 288], [289, 290]]}, "Portfolio.get_profit_factor": {"executed_lines": [], "summary": {"covered_lines": 0, "num_statements": 10, "percent_covered": 0.0, "percent_covered_display": "0.00", "missing_lines": 10, "excluded_lines": 0, "num_branches": 8, "num_partial_branches": 0, "covered_branches": 0, "missing_branches": 8}, "missing_lines": [296, 297, 299, 300, 301, 302, 303, 305, 306, 308], "excluded_lines": [], "executed_branches": [], "missing_branches": [[299, 300], [299, 305], [300, 301], [300, 302], [302, 299], [302, 303], [305, 306], [305, 308]]}, "Portfolio.get_sharpe_ratio": {"executed_lines": [], "summary": {"covered_lines": 0, "num_statements": 1, "percent_covered": 0.0, "percent_covered_display": "0.00", "missing_lines": 1, "excluded_lines": 0, "num_branches": 0, "num_partial_branches": 0, "covered_branches": 0, "missing_branches": 0}, "missing_lines": [319], "excluded_lines": [], "executed_branches": [], "missing_branches": []}, "Portfolio.get_max_drawdown": {"executed_lines": [], "summary": {"covered_lines": 0, "num_statements": 1, "percent_covered": 0.0, "percent_covered_display": "0.00", "missing_lines": 1, "excluded_lines": 0, "num_branches": 0, "num_partial_branches": 0, "covered_branches": 0, "missing_branches": 0}, "missing_lines": [328], "excluded_lines": [], "executed_branches": [], "missing_branches": []}, "Portfolio.to_dict": {"executed_lines": [], "summary": {"covered_lines": 0, "num_statements": 1, "percent_covered": 0.0, "percent_covered_display": "0.00", "missing_lines": 1, "excluded_lines": 0, "num_branches": 0, "num_partial_branches": 0, "covered_branches": 0, "missing_branches": 0}, "missing_lines": [332], "excluded_lines": [], "executed_branches": [], "missing_branches": []}, "Portfolio.__str__": {"executed_lines": [], "summary": {"covered_lines": 0, "num_statements": 0, "percent_covered": 100.0, "percent_covered_display": "100.00", "missing_lines": 0, "excluded_lines": 6, "num_branches": 0, "num_partial_branches": 0, "covered_branches": 0, "missing_branches": 0}, "missing_lines": [], "excluded_lines": [351, 352, 353, 354, 355, 356], "executed_branches": [], "missing_branches": []}, "": {"executed_lines": [1, 5, 6, 7, 8, 10, 13, 14, 15, 23, 24, 27, 28, 31, 34, 35, 36, 37, 40, 41, 42, 43, 44, 47, 48, 51, 52, 54, 58, 78, 119, 151, 189, 197, 205, 209, 213, 217, 228, 239, 250, 254, 262, 270, 282, 294, 310, 321, 330, 350], "summary": {"covered_lines": 47, "num_statements": 47, "percent_covered": 100.0, "percent_covered_display": "100.00", "missing_lines": 0, "excluded_lines": 1, "num_branches": 0, "num_partial_branches": 0, "covered_branches": 0, "missing_branches": 0}, "missing_lines": [], "excluded_lines": [350], "executed_branches": [], "missing_branches": []}}, "classes": {"Portfolio": {"executed_lines": [], "summary": {"covered_lines": 0, "num_statements": 122, "percent_covered": 0.0, "percent_covered_display": "0.00", "missing_lines": 122, "excluded_lines": 6, "num_branches": 76, "num_partial_branches": 0, "covered_branches": 0, "missing_branches": 76}, "missing_lines": [56, 60, 61, 63, 64, 66, 67, 69, 70, 72, 73, 75, 76, 91, 92, 95, 96, 97, 100, 101, 102, 105, 106, 107, 110, 111, 112, 113, 114, 115, 117, 129, 130, 131, 134, 143, 144, 145, 146, 147, 149, 163, 164, 166, 167, 168, 171, 172, 175, 176, 177, 180, 181, 182, 183, 185, 187, 191, 192, 194, 195, 199, 200, 201, 203, 207, 211, 215, 219, 221, 222, 223, 224, 226, 230, 232, 233, 234, 235, 237, 241, 243, 244, 245, 246, 248, 252, 256, 257, 259, 260, 264, 265, 266, 268, 272, 273, 275, 276, 277, 278, 280, 284, 285, 287, 288, 289, 290, 292, 296, 297, 299, 300, 301, 302, 303, 305, 306, 308, 319, 328, 332], "excluded_lines": [351, 352, 353, 354, 355, 356], "executed_branches": [], "missing_branches": [[60, 61], [60, 63], [63, 64], [63, 66], [66, 67], [66, 69], [69, 70], [69, 72], [72, 73], [72, 75], [75, -58], [75, 76], [91, 92], [91, 95], [96, 97], [96, 100], [101, 102], [101, 105], [106, 107], [106, 110], [111, 112], [111, 117], [114, 115], [114, 117], [130, 131], [130, 134], [163, 164], [163, 166], [167, 168], [167, 171], [180, 181], [180, 182], [182, 183], [182, 185], [191, 192], [191, 194], [199, 200], [199, 203], [200, 199], [200, 201], [221, 222], [221, 226], [223, 221], [223, 224], [232, 233], [232, 237], [234, 232], [234, 235], [243, 244], [243, 248], [245, 243], [245, 246], [256, 257], [256, 259], [265, 266], [265, 268], [272, 273], [272, 275], [276, 277], [276, 280], [277, 276], [277, 278], [284, 285], [284, 287], [288, 289], [288, 292], [289, 288], [289, 290], [299, 300], [299, 305], [300, 301], [300, 302], [302, 299], [302, 303], [305, 306], [305, 308]]}, "": {"executed_lines": [1, 5, 6, 7, 8, 10, 13, 14, 15, 23, 24, 27, 28, 31, 34, 35, 36, 37, 40, 41, 42, 43, 44, 47, 48, 51, 52, 54, 58, 78, 119, 151, 189, 197, 205, 209, 213, 217, 228, 239, 250, 254, 262, 270, 282, 294, 310, 321, 330, 350], "summary": {"covered_lines": 47, "num_statements": 47, "percent_covered": 100.0, "percent_covered_display": "100.00", "missing_lines": 0, "excluded_lines": 1, "num_branches": 0, "num_partial_branches": 0, "covered_branches": 0, "missing_branches": 0}, "missing_lines": [], "excluded_lines": [350], "executed_branches": [], "missing_branches": []}}}, "src/domain/entities/position.py": {"executed_lines": [1, 5, 6, 7, 8, 11, 12, 13, 21, 22, 25, 26, 29, 30, 33, 34, 37, 38, 39, 42, 43, 46, 47, 49, 53, 64, 65, 87, 112, 151, 173, 181, 194, 207, 211, 215, 219, 229, 237, 244, 259, 269, 279], "summary": {"covered_lines": 40, "num_statements": 134, "percent_covered": 20.2020202020202, "percent_covered_display": "20.20", "missing_lines": 94, "excluded_lines": 17, "num_branches": 64, "num_partial_branches": 0, "covered_branches": 0, "missing_branches": 64}, "missing_lines": [51, 55, 56, 58, 59, 61, 62, 74, 75, 76, 77, 79, 94, 95, 97, 98, 99, 100, 103, 104, 106, 107, 109, 110, 124, 125, 127, 128, 133, 134, 136, 138, 141, 142, 143, 146, 147, 149, 162, 163, 165, 171, 175, 176, 178, 179, 183, 184, 187, 188, 189, 190, 192, 196, 197, 200, 201, 202, 203, 205, 209, 213, 217, 221, 222, 224, 225, 227, 231, 232, 233, 235, 239, 240, 242, 246, 247, 249, 250, 251, 253, 254, 255, 257, 261, 262, 264, 265, 267, 271, 272, 274, 275, 277], "excluded_lines": [279, 280, 281, 282, 283, 284, 285, 286, 287, 288, 289, 290, 291, 292, 293, 294, 295], "executed_branches": [], "missing_branches": [[55, 56], [55, 58], [58, 59], [58, 61], [61, -53], [61, 62], [74, 75], [74, 76], [76, 77], [76, 79], [94, 95], [94, 97], [97, 98], [97, 99], [99, 100], [99, 103], [106, 107], [106, 109], [124, 125], [124, 127], [127, 128], [127, 133], [133, 134], [133, 136], [146, 147], [146, 149], [162, 163], [162, 165], [175, 176], [175, 178], [183, 184], [183, 187], [187, 188], [187, 189], [189, 190], [189, 192], [196, 197], [196, 200], [200, 201], [200, 202], [202, 203], [202, 205], [221, 222], [221, 224], [224, 225], [224, 227], [232, 233], [232, 235], [239, 240], [239, 242], [246, 247], [246, 249], [250, 251], [250, 253], [254, 255], [254, 257], [261, 262], [261, 264], [264, 265], [264, 267], [271, 272], [271, 274], [274, 275], [274, 277]], "functions": {"Position.__post_init__": {"executed_lines": [], "summary": {"covered_lines": 0, "num_statements": 1, "percent_covered": 0.0, "percent_covered_display": "0.00", "missing_lines": 1, "excluded_lines": 0, "num_branches": 0, "num_partial_branches": 0, "covered_branches": 0, "missing_branches": 0}, "missing_lines": [51], "excluded_lines": [], "executed_branches": [], "missing_branches": []}, "Position._validate": {"executed_lines": [], "summary": {"covered_lines": 0, "num_statements": 6, "percent_covered": 0.0, "percent_covered_display": "0.00", "missing_lines": 6, "excluded_lines": 0, "num_branches": 6, "num_partial_branches": 0, "covered_branches": 0, "missing_branches": 6}, "missing_lines": [55, 56, 58, 59, 61, 62], "excluded_lines": [], "executed_branches": [], "missing_branches": [[55, 56], [55, 58], [58, 59], [58, 61], [61, -53], [61, 62]]}, "Position.open_position": {"executed_lines": [], "summary": {"covered_lines": 0, "num_statements": 5, "percent_covered": 0.0, "percent_covered_display": "0.00", "missing_lines": 5, "excluded_lines": 0, "num_branches": 4, "num_partial_branches": 0, "covered_branches": 0, "missing_branches": 4}, "missing_lines": [74, 75, 76, 77, 79], "excluded_lines": [], "executed_branches": [], "missing_branches": [[74, 75], [74, 76], [76, 77], [76, 79]]}, "Position.add_to_position": {"executed_lines": [], "summary": {"covered_lines": 0, "num_statements": 12, "percent_covered": 0.0, "percent_covered_display": "0.00", "missing_lines": 12, "excluded_lines": 0, "num_branches": 8, "num_partial_branches": 0, "covered_branches": 0, "missing_branches": 8}, "missing_lines": [94, 95, 97, 98, 99, 100, 103, 104, 106, 107, 109, 110], "excluded_lines": [], "executed_branches": [], "missing_branches": [[94, 95], [94, 97], [97, 98], [97, 99], [99, 100], [99, 103], [106, 107], [106, 109]]}, "Position.reduce_position": {"executed_lines": [], "summary": {"covered_lines": 0, "num_statements": 14, "percent_covered": 0.0, "percent_covered_display": "0.00", "missing_lines": 14, "excluded_lines": 0, "num_branches": 8, "num_partial_branches": 0, "covered_branches": 0, "missing_branches": 8}, "missing_lines": [124, 125, 127, 128, 133, 134, 136, 138, 141, 142, 143, 146, 147, 149], "excluded_lines": [], "executed_branches": [], "missing_branches": [[124, 125], [124, 127], [127, 128], [127, 133], [133, 134], [133, 136], [146, 147], [146, 149]]}, "Position.close_position": {"executed_lines": [], "summary": {"covered_lines": 0, "num_statements": 4, "percent_covered": 0.0, "percent_covered_display": "0.00", "missing_lines": 4, "excluded_lines": 0, "num_branches": 2, "num_partial_branches": 0, "covered_branches": 0, "missing_branches": 2}, "missing_lines": [162, 163, 165, 171], "excluded_lines": [], "executed_branches": [], "missing_branches": [[162, 163], [162, 165]]}, "Position.update_market_price": {"executed_lines": [], "summary": {"covered_lines": 0, "num_statements": 4, "percent_covered": 0.0, "percent_covered_display": "0.00", "missing_lines": 4, "excluded_lines": 0, "num_branches": 2, "num_partial_branches": 0, "covered_branches": 0, "missing_branches": 2}, "missing_lines": [175, 176, 178, 179], "excluded_lines": [], "executed_branches": [], "missing_branches": [[175, 176], [175, 178]]}, "Position.set_stop_loss": {"executed_lines": [], "summary": {"covered_lines": 0, "num_statements": 7, "percent_covered": 0.0, "percent_covered_display": "0.00", "missing_lines": 7, "excluded_lines": 0, "num_branches": 6, "num_partial_branches": 0, "covered_branches": 0, "missing_branches": 6}, "missing_lines": [183, 184, 187, 188, 189, 190, 192], "excluded_lines": [], "executed_branches": [], "missing_branches": [[183, 184], [183, 187], [187, 188], [187, 189], [189, 190], [189, 192]]}, "Position.set_take_profit": {"executed_lines": [], "summary": {"covered_lines": 0, "num_statements": 7, "percent_covered": 0.0, "percent_covered_display": "0.00", "missing_lines": 7, "excluded_lines": 0, "num_branches": 6, "num_partial_branches": 0, "covered_branches": 0, "missing_branches": 6}, "missing_lines": [196, 197, 200, 201, 202, 203, 205], "excluded_lines": [], "executed_branches": [], "missing_branches": [[196, 197], [196, 200], [200, 201], [200, 202], [202, 203], [202, 205]]}, "Position.is_long": {"executed_lines": [], "summary": {"covered_lines": 0, "num_statements": 1, "percent_covered": 0.0, "percent_covered_display": "0.00", "missing_lines": 1, "excluded_lines": 0, "num_branches": 0, "num_partial_branches": 0, "covered_branches": 0, "missing_branches": 0}, "missing_lines": [209], "excluded_lines": [], "executed_branches": [], "missing_branches": []}, "Position.is_short": {"executed_lines": [], "summary": {"covered_lines": 0, "num_statements": 1, "percent_covered": 0.0, "percent_covered_display": "0.00", "missing_lines": 1, "excluded_lines": 0, "num_branches": 0, "num_partial_branches": 0, "covered_branches": 0, "missing_branches": 0}, "missing_lines": [213], "excluded_lines": [], "executed_branches": [], "missing_branches": []}, "Position.is_closed": {"executed_lines": [], "summary": {"covered_lines": 0, "num_statements": 1, "percent_covered": 0.0, "percent_covered_display": "0.00", "missing_lines": 1, "excluded_lines": 0, "num_branches": 0, "num_partial_branches": 0, "covered_branches": 0, "missing_branches": 0}, "missing_lines": [217], "excluded_lines": [], "executed_branches": [], "missing_branches": []}, "Position.get_unrealized_pnl": {"executed_lines": [], "summary": {"covered_lines": 0, "num_statements": 5, "percent_covered": 0.0, "percent_covered_display": "0.00", "missing_lines": 5, "excluded_lines": 0, "num_branches": 4, "num_partial_branches": 0, "covered_branches": 0, "missing_branches": 4}, "missing_lines": [221, 222, 224, 225, 227], "excluded_lines": [], "executed_branches": [], "missing_branches": [[221, 222], [221, 224], [224, 225], [224, 227]]}, "Position.get_total_pnl": {"executed_lines": [], "summary": {"covered_lines": 0, "num_statements": 4, "percent_covered": 0.0, "percent_covered_display": "0.00", "missing_lines": 4, "excluded_lines": 0, "num_branches": 2, "num_partial_branches": 0, "covered_branches": 0, "missing_branches": 2}, "missing_lines": [231, 232, 233, 235], "excluded_lines": [], "executed_branches": [], "missing_branches": [[232, 233], [232, 235]]}, "Position.get_position_value": {"executed_lines": [], "summary": {"covered_lines": 0, "num_statements": 3, "percent_covered": 0.0, "percent_covered_display": "0.00", "missing_lines": 3, "excluded_lines": 0, "num_branches": 2, "num_partial_branches": 0, "covered_branches": 0, "missing_branches": 2}, "missing_lines": [239, 240, 242], "excluded_lines": [], "executed_branches": [], "missing_branches": [[239, 240], [239, 242]]}, "Position.get_return_percentage": {"executed_lines": [], "summary": {"covered_lines": 0, "num_statements": 9, "percent_covered": 0.0, "percent_covered_display": "0.00", "missing_lines": 9, "excluded_lines": 0, "num_branches": 6, "num_partial_branches": 0, "covered_branches": 0, "missing_branches": 6}, "missing_lines": [246, 247, 249, 250, 251, 253, 254, 255, 257], "excluded_lines": [], "executed_branches": [], "missing_branches": [[246, 247], [246, 249], [250, 251], [250, 253], [254, 255], [254, 257]]}, "Position.should_stop_loss": {"executed_lines": [], "summary": {"covered_lines": 0, "num_statements": 5, "percent_covered": 0.0, "percent_covered_display": "0.00", "missing_lines": 5, "excluded_lines": 0, "num_branches": 4, "num_partial_branches": 0, "covered_branches": 0, "missing_branches": 4}, "missing_lines": [261, 262, 264, 265, 267], "excluded_lines": [], "executed_branches": [], "missing_branches": [[261, 262], [261, 264], [264, 265], [264, 267]]}, "Position.should_take_profit": {"executed_lines": [], "summary": {"covered_lines": 0, "num_statements": 5, "percent_covered": 0.0, "percent_covered_display": "0.00", "missing_lines": 5, "excluded_lines": 0, "num_branches": 4, "num_partial_branches": 0, "covered_branches": 0, "missing_branches": 4}, "missing_lines": [271, 272, 274, 275, 277], "excluded_lines": [], "executed_branches": [], "missing_branches": [[271, 272], [271, 274], [274, 275], [274, 277]]}, "Position.__str__": {"executed_lines": [], "summary": {"covered_lines": 0, "num_statements": 0, "percent_covered": 100.0, "percent_covered_display": "100.00", "missing_lines": 0, "excluded_lines": 16, "num_branches": 0, "num_partial_branches": 0, "covered_branches": 0, "missing_branches": 0}, "missing_lines": [], "excluded_lines": [280, 281, 282, 283, 284, 285, 286, 287, 288, 289, 290, 291, 292, 293, 294, 295], "executed_branches": [], "missing_branches": []}, "": {"executed_lines": [1, 5, 6, 7, 8, 11, 12, 13, 21, 22, 25, 26, 29, 30, 33, 34, 37, 38, 39, 42, 43, 46, 47, 49, 53, 64, 65, 87, 112, 151, 173, 181, 194, 207, 211, 215, 219, 229, 237, 244, 259, 269, 279], "summary": {"covered_lines": 40, "num_statements": 40, "percent_covered": 100.0, "percent_covered_display": "100.00", "missing_lines": 0, "excluded_lines": 1, "num_branches": 0, "num_partial_branches": 0, "covered_branches": 0, "missing_branches": 0}, "missing_lines": [], "excluded_lines": [279], "executed_branches": [], "missing_branches": []}}, "classes": {"Position": {"executed_lines": [], "summary": {"covered_lines": 0, "num_statements": 94, "percent_covered": 0.0, "percent_covered_display": "0.00", "missing_lines": 94, "excluded_lines": 16, "num_branches": 64, "num_partial_branches": 0, "covered_branches": 0, "missing_branches": 64}, "missing_lines": [51, 55, 56, 58, 59, 61, 62, 74, 75, 76, 77, 79, 94, 95, 97, 98, 99, 100, 103, 104, 106, 107, 109, 110, 124, 125, 127, 128, 133, 134, 136, 138, 141, 142, 143, 146, 147, 149, 162, 163, 165, 171, 175, 176, 178, 179, 183, 184, 187, 188, 189, 190, 192, 196, 197, 200, 201, 202, 203, 205, 209, 213, 217, 221, 222, 224, 225, 227, 231, 232, 233, 235, 239, 240, 242, 246, 247, 249, 250, 251, 253, 254, 255, 257, 261, 262, 264, 265, 267, 271, 272, 274, 275, 277], "excluded_lines": [280, 281, 282, 283, 284, 285, 286, 287, 288, 289, 290, 291, 292, 293, 294, 295], "executed_branches": [], "missing_branches": [[55, 56], [55, 58], [58, 59], [58, 61], [61, -53], [61, 62], [74, 75], [74, 76], [76, 77], [76, 79], [94, 95], [94, 97], [97, 98], [97, 99], [99, 100], [99, 103], [106, 107], [106, 109], [124, 125], [124, 127], [127, 128], [127, 133], [133, 134], [133, 136], [146, 147], [146, 149], [162, 163], [162, 165], [175, 176], [175, 178], [183, 184], [183, 187], [187, 188], [187, 189], [189, 190], [189, 192], [196, 197], [196, 200], [200, 201], [200, 202], [202, 203], [202, 205], [221, 222], [221, 224], [224, 225], [224, 227], [232, 233], [232, 235], [239, 240], [239, 242], [246, 247], [246, 249], [250, 251], [250, 253], [254, 255], [254, 257], [261, 262], [261, 264], [264, 265], [264, 267], [271, 272], [271, 274], [274, 275], [274, 277]]}, "": {"executed_lines": [1, 5, 6, 7, 8, 11, 12, 13, 21, 22, 25, 26, 29, 30, 33, 34, 37, 38, 39, 42, 43, 46, 47, 49, 53, 64, 65, 87, 112, 151, 173, 181, 194, 207, 211, 215, 219, 229, 237, 244, 259, 269, 279], "summary": {"covered_lines": 40, "num_statements": 40, "percent_covered": 100.0, "percent_covered_display": "100.00", "missing_lines": 0, "excluded_lines": 1, "num_branches": 0, "num_partial_branches": 0, "covered_branches": 0, "missing_branches": 0}, "missing_lines": [], "excluded_lines": [279], "executed_branches": [], "missing_branches": []}}}, "src/domain/services/__init__.py": {"executed_lines": [1, 3, 4, 6], "summary": {"covered_lines": 3, "num_statements": 3, "percent_covered": 100.0, "percent_covered_display": "100.00", "missing_lines": 0, "excluded_lines": 0, "num_branches": 0, "num_partial_branches": 0, "covered_branches": 0, "missing_branches": 0}, "missing_lines": [], "excluded_lines": [], "executed_branches": [], "missing_branches": [], "functions": {"": {"executed_lines": [1, 3, 4, 6], "summary": {"covered_lines": 3, "num_statements": 3, "percent_covered": 100.0, "percent_covered_display": "100.00", "missing_lines": 0, "excluded_lines": 0, "num_branches": 0, "num_partial_branches": 0, "covered_branches": 0, "missing_branches": 0}, "missing_lines": [], "excluded_lines": [], "executed_branches": [], "missing_branches": []}}, "classes": {"": {"executed_lines": [1, 3, 4, 6], "summary": {"covered_lines": 3, "num_statements": 3, "percent_covered": 100.0, "percent_covered_display": "100.00", "missing_lines": 0, "excluded_lines": 0, "num_branches": 0, "num_partial_branches": 0, "covered_branches": 0, "missing_branches": 0}, "missing_lines": [], "excluded_lines": [], "executed_branches": [], "missing_branches": []}}}, "src/domain/services/position_manager.py": {"executed_lines": [1, 3, 4, 6, 7, 10, 11, 13, 58, 105, 140, 165, 226, 268], "summary": {"covered_lines": 12, "num_statements": 106, "percent_covered": 7.0588235294117645, "percent_covered_display": "7.06", "missing_lines": 94, "excluded_lines": 0, "num_branches": 64, "num_partial_branches": 0, "covered_branches": 0, "missing_branches": 64}, "missing_lines": [30, 31, 33, 34, 37, 38, 39, 40, 42, 45, 46, 48, 50, 74, 75, 77, 78, 81, 82, 83, 84, 86, 89, 90, 92, 95, 97, 98, 100, 103, 124, 125, 127, 128, 131, 132, 133, 134, 136, 138, 154, 156, 157, 159, 160, 161, 163, 180, 181, 183, 184, 187, 188, 189, 192, 193, 194, 195, 197, 198, 199, 200, 201, 202, 204, 206, 213, 215, 216, 224, 244, 247, 248, 251, 252, 255, 256, 257, 258, 261, 262, 263, 264, 266, 289, 290, 292, 293, 296, 299, 301, 302, 305, 307], "excluded_lines": [], "executed_branches": [], "missing_branches": [[30, 31], [30, 33], [33, 34], [33, 37], [37, 38], [37, 39], [39, 40], [39, 42], [45, 46], [45, 48], [74, 75], [74, 77], [77, 78], [77, 81], [81, 82], [81, 83], [83, 84], [83, 86], [89, 90], [89, 92], [95, 97], [95, 98], [98, 100], [98, 103], [124, 125], [124, 127], [127, 128], [127, 131], [131, 132], [131, 133], [133, 134], [133, 136], [156, 157], [156, 159], [160, 161], [160, 163], [180, 181], [180, 183], [183, 184], [183, 187], [188, 189], [188, 192], [197, 198], [197, 204], [204, 206], [204, 215], [247, 248], [247, 251], [251, 252], [251, 255], [255, 256], [255, 261], [257, 258], [257, 261], [261, 262], [261, 266], [263, 264], [263, 266], [289, 290], [289, 292], [292, 293], [292, 296], [301, 302], [301, 305]], "functions": {"PositionManager.open_position": {"executed_lines": [], "summary": {"covered_lines": 0, "num_statements": 13, "percent_covered": 0.0, "percent_covered_display": "0.00", "missing_lines": 13, "excluded_lines": 0, "num_branches": 10, "num_partial_branches": 0, "covered_branches": 0, "missing_branches": 10}, "missing_lines": [30, 31, 33, 34, 37, 38, 39, 40, 42, 45, 46, 48, 50], "excluded_lines": [], "executed_branches": [], "missing_branches": [[30, 31], [30, 33], [33, 34], [33, 37], [37, 38], [37, 39], [39, 40], [39, 42], [45, 46], [45, 48]]}, "PositionManager.update_position": {"executed_lines": [], "summary": {"covered_lines": 0, "num_statements": 17, "percent_covered": 0.0, "percent_covered_display": "0.00", "missing_lines": 17, "excluded_lines": 0, "num_branches": 14, "num_partial_branches": 0, "covered_branches": 0, "missing_branches": 14}, "missing_lines": [74, 75, 77, 78, 81, 82, 83, 84, 86, 89, 90, 92, 95, 97, 98, 100, 103], "excluded_lines": [], "executed_branches": [], "missing_branches": [[74, 75], [74, 77], [77, 78], [77, 81], [81, 82], [81, 83], [83, 84], [83, 86], [89, 90], [89, 92], [95, 97], [95, 98], [98, 100], [98, 103]]}, "PositionManager.close_position": {"executed_lines": [], "summary": {"covered_lines": 0, "num_statements": 10, "percent_covered": 0.0, "percent_covered_display": "0.00", "missing_lines": 10, "excluded_lines": 0, "num_branches": 8, "num_partial_branches": 0, "covered_branches": 0, "missing_branches": 8}, "missing_lines": [124, 125, 127, 128, 131, 132, 133, 134, 136, 138], "excluded_lines": [], "executed_branches": [], "missing_branches": [[124, 125], [124, 127], [127, 128], [127, 131], [131, 132], [131, 133], [133, 134], [133, 136]]}, "PositionManager.calculate_pnl": {"executed_lines": [], "summary": {"covered_lines": 0, "num_statements": 7, "percent_covered": 0.0, "percent_covered_display": "0.00", "missing_lines": 7, "excluded_lines": 0, "num_branches": 4, "num_partial_branches": 0, "covered_branches": 0, "missing_branches": 4}, "missing_lines": [154, 156, 157, 159, 160, 161, 163], "excluded_lines": [], "executed_branches": [], "missing_branches": [[156, 157], [156, 159], [160, 161], [160, 163]]}, "PositionManager.merge_positions": {"executed_lines": [], "summary": {"covered_lines": 0, "num_statements": 23, "percent_covered": 0.0, "percent_covered_display": "0.00", "missing_lines": 23, "excluded_lines": 0, "num_branches": 10, "num_partial_branches": 0, "covered_branches": 0, "missing_branches": 10}, "missing_lines": [180, 181, 183, 184, 187, 188, 189, 192, 193, 194, 195, 197, 198, 199, 200, 201, 202, 204, 206, 213, 215, 216, 224], "excluded_lines": [], "executed_branches": [], "missing_branches": [[180, 181], [180, 183], [183, 184], [183, 187], [188, 189], [188, 192], [197, 198], [197, 204], [204, 206], [204, 215]]}, "PositionManager.should_close_position": {"executed_lines": [], "summary": {"covered_lines": 0, "num_statements": 14, "percent_covered": 0.0, "percent_covered_display": "0.00", "missing_lines": 14, "excluded_lines": 0, "num_branches": 12, "num_partial_branches": 0, "covered_branches": 0, "missing_branches": 12}, "missing_lines": [244, 247, 248, 251, 252, 255, 256, 257, 258, 261, 262, 263, 264, 266], "excluded_lines": [], "executed_branches": [], "missing_branches": [[247, 248], [247, 251], [251, 252], [251, 255], [255, 256], [255, 261], [257, 258], [257, 261], [261, 262], [261, 266], [263, 264], [263, 266]]}, "PositionManager.calculate_position_size": {"executed_lines": [], "summary": {"covered_lines": 0, "num_statements": 10, "percent_covered": 0.0, "percent_covered_display": "0.00", "missing_lines": 10, "excluded_lines": 0, "num_branches": 6, "num_partial_branches": 0, "covered_branches": 0, "missing_branches": 6}, "missing_lines": [289, 290, 292, 293, 296, 299, 301, 302, 305, 307], "excluded_lines": [], "executed_branches": [], "missing_branches": [[289, 290], [289, 292], [292, 293], [292, 296], [301, 302], [301, 305]]}, "": {"executed_lines": [1, 3, 4, 6, 7, 10, 11, 13, 58, 105, 140, 165, 226, 268], "summary": {"covered_lines": 12, "num_statements": 12, "percent_covered": 100.0, "percent_covered_display": "100.00", "missing_lines": 0, "excluded_lines": 0, "num_branches": 0, "num_partial_branches": 0, "covered_branches": 0, "missing_branches": 0}, "missing_lines": [], "excluded_lines": [], "executed_branches": [], "missing_branches": []}}, "classes": {"PositionManager": {"executed_lines": [], "summary": {"covered_lines": 0, "num_statements": 94, "percent_covered": 0.0, "percent_covered_display": "0.00", "missing_lines": 94, "excluded_lines": 0, "num_branches": 64, "num_partial_branches": 0, "covered_branches": 0, "missing_branches": 64}, "missing_lines": [30, 31, 33, 34, 37, 38, 39, 40, 42, 45, 46, 48, 50, 74, 75, 77, 78, 81, 82, 83, 84, 86, 89, 90, 92, 95, 97, 98, 100, 103, 124, 125, 127, 128, 131, 132, 133, 134, 136, 138, 154, 156, 157, 159, 160, 161, 163, 180, 181, 183, 184, 187, 188, 189, 192, 193, 194, 195, 197, 198, 199, 200, 201, 202, 204, 206, 213, 215, 216, 224, 244, 247, 248, 251, 252, 255, 256, 257, 258, 261, 262, 263, 264, 266, 289, 290, 292, 293, 296, 299, 301, 302, 305, 307], "excluded_lines": [], "executed_branches": [], "missing_branches": [[30, 31], [30, 33], [33, 34], [33, 37], [37, 38], [37, 39], [39, 40], [39, 42], [45, 46], [45, 48], [74, 75], [74, 77], [77, 78], [77, 81], [81, 82], [81, 83], [83, 84], [83, 86], [89, 90], [89, 92], [95, 97], [95, 98], [98, 100], [98, 103], [124, 125], [124, 127], [127, 128], [127, 131], [131, 132], [131, 133], [133, 134], [133, 136], [156, 157], [156, 159], [160, 161], [160, 163], [180, 181], [180, 183], [183, 184], [183, 187], [188, 189], [188, 192], [197, 198], [197, 204], [204, 206], [204, 215], [247, 248], [247, 251], [251, 252], [251, 255], [255, 256], [255, 261], [257, 258], [257, 261], [261, 262], [261, 266], [263, 264], [263, 266], [289, 290], [289, 292], [292, 293], [292, 296], [301, 302], [301, 305]]}, "": {"executed_lines": [1, 3, 4, 6, 7, 10, 11, 13, 58, 105, 140, 165, 226, 268], "summary": {"covered_lines": 12, "num_statements": 12, "percent_covered": 100.0, "percent_covered_display": "100.00", "missing_lines": 0, "excluded_lines": 0, "num_branches": 0, "num_partial_branches": 0, "covered_branches": 0, "missing_branches": 0}, "missing_lines": [], "excluded_lines": [], "executed_branches": [], "missing_branches": []}}}, "src/domain/services/risk_calculator.py": {"executed_lines": [1, 3, 4, 6, 7, 10, 11, 13, 64, 107, 135, 171, 219, 246, 278], "summary": {"covered_lines": 13, "num_statements": 103, "percent_covered": 8.724832214765101, "percent_covered_display": "8.72", "missing_lines": 90, "excluded_lines": 0, "num_branches": 46, "num_partial_branches": 0, "covered_branches": 0, "missing_branches": 46}, "missing_lines": [27, 29, 38, 39, 42, 43, 44, 47, 48, 49, 50, 53, 54, 55, 58, 59, 60, 62, 83, 84, 87, 90, 97, 100, 103, 105, 119, 120, 122, 123, 125, 126, 127, 129, 130, 131, 133, 149, 150, 153, 156, 157, 159, 160, 163, 164, 167, 169, 186, 192, 193, 196, 197, 198, 199, 201, 203, 204, 207, 208, 210, 211, 212, 214, 215, 217, 238, 239, 241, 242, 244, 262, 263, 265, 266, 270, 271, 273, 276, 292, 303, 304, 305, 307, 310, 311, 312, 313, 314, 316], "excluded_lines": [], "executed_branches": [], "missing_branches": [[38, 39], [38, 42], [43, 44], [43, 47], [48, 49], [48, 53], [54, 55], [54, 58], [58, 59], [58, 62], [83, 84], [83, 87], [119, 120], [119, 122], [125, 126], [125, 133], [126, 127], [126, 129], [130, 125], [130, 131], [149, 150], [149, 153], [159, 160], [159, 163], [192, 193], [192, 196], [196, 197], [196, 207], [203, 204], [203, 207], [210, 211], [210, 217], [214, 215], [214, 217], [241, 242], [241, 244], [262, 263], [262, 265], [265, 266], [265, 270], [303, 304], [303, 310], [304, 305], [304, 307], [310, 311], [310, 316]], "functions": {"RiskCalculator.calculate_position_risk": {"executed_lines": [], "summary": {"covered_lines": 0, "num_statements": 18, "percent_covered": 0.0, "percent_covered_display": "0.00", "missing_lines": 18, "excluded_lines": 0, "num_branches": 10, "num_partial_branches": 0, "covered_branches": 0, "missing_branches": 10}, "missing_lines": [27, 29, 38, 39, 42, 43, 44, 47, 48, 49, 50, 53, 54, 55, 58, 59, 60, 62], "excluded_lines": [], "executed_branches": [], "missing_branches": [[38, 39], [38, 42], [43, 44], [43, 47], [48, 49], [48, 53], [54, 55], [54, 58], [58, 59], [58, 62]]}, "RiskCalculator.calculate_portfolio_var": {"executed_lines": [], "summary": {"covered_lines": 0, "num_statements": 8, "percent_covered": 0.0, "percent_covered_display": "0.00", "missing_lines": 8, "excluded_lines": 0, "num_branches": 2, "num_partial_branches": 0, "covered_branches": 0, "missing_branches": 2}, "missing_lines": [83, 84, 87, 90, 97, 100, 103, 105], "excluded_lines": [], "executed_branches": [], "missing_branches": [[83, 84], [83, 87]]}, "RiskCalculator.calculate_max_drawdown": {"executed_lines": [], "summary": {"covered_lines": 0, "num_statements": 11, "percent_covered": 0.0, "percent_covered_display": "0.00", "missing_lines": 11, "excluded_lines": 0, "num_branches": 8, "num_partial_branches": 0, "covered_branches": 0, "missing_branches": 8}, "missing_lines": [119, 120, 122, 123, 125, 126, 127, 129, 130, 131, 133], "excluded_lines": [], "executed_branches": [], "missing_branches": [[119, 120], [119, 122], [125, 126], [125, 133], [126, 127], [126, 129], [130, 125], [130, 131]]}, "RiskCalculator.calculate_sharpe_ratio": {"executed_lines": [], "summary": {"covered_lines": 0, "num_statements": 11, "percent_covered": 0.0, "percent_covered_display": "0.00", "missing_lines": 11, "excluded_lines": 0, "num_branches": 4, "num_partial_branches": 0, "covered_branches": 0, "missing_branches": 4}, "missing_lines": [149, 150, 153, 156, 157, 159, 160, 163, 164, 167, 169], "excluded_lines": [], "executed_branches": [], "missing_branches": [[149, 150], [149, 153], [159, 160], [159, 163]]}, "RiskCalculator.check_risk_limits": {"executed_lines": [], "summary": {"covered_lines": 0, "num_statements": 18, "percent_covered": 0.0, "percent_covered_display": "0.00", "missing_lines": 18, "excluded_lines": 0, "num_branches": 10, "num_partial_branches": 0, "covered_branches": 0, "missing_branches": 10}, "missing_lines": [186, 192, 193, 196, 197, 198, 199, 201, 203, 204, 207, 208, 210, 211, 212, 214, 215, 217], "excluded_lines": [], "executed_branches": [], "missing_branches": [[192, 193], [192, 196], [196, 197], [196, 207], [203, 204], [203, 207], [210, 211], [210, 217], [214, 215], [214, 217]]}, "RiskCalculator.calculate_position_risk_reward": {"executed_lines": [], "summary": {"covered_lines": 0, "num_statements": 5, "percent_covered": 0.0, "percent_covered_display": "0.00", "missing_lines": 5, "excluded_lines": 0, "num_branches": 2, "num_partial_branches": 0, "covered_branches": 0, "missing_branches": 2}, "missing_lines": [238, 239, 241, 242, 244], "excluded_lines": [], "executed_branches": [], "missing_branches": [[241, 242], [241, 244]]}, "RiskCalculator.calculate_kelly_criterion": {"executed_lines": [], "summary": {"covered_lines": 0, "num_statements": 8, "percent_covered": 0.0, "percent_covered_display": "0.00", "missing_lines": 8, "excluded_lines": 0, "num_branches": 4, "num_partial_branches": 0, "covered_branches": 0, "missing_branches": 4}, "missing_lines": [262, 263, 265, 266, 270, 271, 273, 276], "excluded_lines": [], "executed_branches": [], "missing_branches": [[262, 263], [262, 265], [265, 266], [265, 270]]}, "RiskCalculator.calculate_risk_adjusted_return": {"executed_lines": [], "summary": {"covered_lines": 0, "num_statements": 11, "percent_covered": 0.0, "percent_covered_display": "0.00", "missing_lines": 11, "excluded_lines": 0, "num_branches": 6, "num_partial_branches": 0, "covered_branches": 0, "missing_branches": 6}, "missing_lines": [292, 303, 304, 305, 307, 310, 311, 312, 313, 314, 316], "excluded_lines": [], "executed_branches": [], "missing_branches": [[303, 304], [303, 310], [304, 305], [304, 307], [310, 311], [310, 316]]}, "": {"executed_lines": [1, 3, 4, 6, 7, 10, 11, 13, 64, 107, 135, 171, 219, 246, 278], "summary": {"covered_lines": 13, "num_statements": 13, "percent_covered": 100.0, "percent_covered_display": "100.00", "missing_lines": 0, "excluded_lines": 0, "num_branches": 0, "num_partial_branches": 0, "covered_branches": 0, "missing_branches": 0}, "missing_lines": [], "excluded_lines": [], "executed_branches": [], "missing_branches": []}}, "classes": {"RiskCalculator": {"executed_lines": [], "summary": {"covered_lines": 0, "num_statements": 90, "percent_covered": 0.0, "percent_covered_display": "0.00", "missing_lines": 90, "excluded_lines": 0, "num_branches": 46, "num_partial_branches": 0, "covered_branches": 0, "missing_branches": 46}, "missing_lines": [27, 29, 38, 39, 42, 43, 44, 47, 48, 49, 50, 53, 54, 55, 58, 59, 60, 62, 83, 84, 87, 90, 97, 100, 103, 105, 119, 120, 122, 123, 125, 126, 127, 129, 130, 131, 133, 149, 150, 153, 156, 157, 159, 160, 163, 164, 167, 169, 186, 192, 193, 196, 197, 198, 199, 201, 203, 204, 207, 208, 210, 211, 212, 214, 215, 217, 238, 239, 241, 242, 244, 262, 263, 265, 266, 270, 271, 273, 276, 292, 303, 304, 305, 307, 310, 311, 312, 313, 314, 316], "excluded_lines": [], "executed_branches": [], "missing_branches": [[38, 39], [38, 42], [43, 44], [43, 47], [48, 49], [48, 53], [54, 55], [54, 58], [58, 59], [58, 62], [83, 84], [83, 87], [119, 120], [119, 122], [125, 126], [125, 133], [126, 127], [126, 129], [130, 125], [130, 131], [149, 150], [149, 153], [159, 160], [159, 163], [192, 193], [192, 196], [196, 197], [196, 207], [203, 204], [203, 207], [210, 211], [210, 217], [214, 215], [214, 217], [241, 242], [241, 244], [262, 263], [262, 265], [265, 266], [265, 270], [303, 304], [303, 310], [304, 305], [304, 307], [310, 311], [310, 316]]}, "": {"executed_lines": [1, 3, 4, 6, 7, 10, 11, 13, 64, 107, 135, 171, 219, 246, 278], "summary": {"covered_lines": 13, "num_statements": 13, "percent_covered": 100.0, "percent_covered_display": "100.00", "missing_lines": 0, "excluded_lines": 0, "num_branches": 0, "num_partial_branches": 0, "covered_branches": 0, "missing_branches": 0}, "missing_lines": [], "excluded_lines": [], "executed_branches": [], "missing_branches": []}}}, "src/domain/value_objects/__init__.py": {"executed_lines": [1, 3, 4, 5, 6, 8], "summary": {"covered_lines": 5, "num_statements": 5, "percent_covered": 100.0, "percent_covered_display": "100.00", "missing_lines": 0, "excluded_lines": 0, "num_branches": 0, "num_partial_branches": 0, "covered_branches": 0, "missing_branches": 0}, "missing_lines": [], "excluded_lines": [], "executed_branches": [], "missing_branches": [], "functions": {"": {"executed_lines": [1, 3, 4, 5, 6, 8], "summary": {"covered_lines": 5, "num_statements": 5, "percent_covered": 100.0, "percent_covered_display": "100.00", "missing_lines": 0, "excluded_lines": 0, "num_branches": 0, "num_partial_branches": 0, "covered_branches": 0, "missing_branches": 0}, "missing_lines": [], "excluded_lines": [], "executed_branches": [], "missing_branches": []}}, "classes": {"": {"executed_lines": [1, 3, 4, 5, 6, 8], "summary": {"covered_lines": 5, "num_statements": 5, "percent_covered": 100.0, "percent_covered_display": "100.00", "missing_lines": 0, "excluded_lines": 0, "num_branches": 0, "num_partial_branches": 0, "covered_branches": 0, "missing_branches": 0}, "missing_lines": [], "excluded_lines": [], "executed_branches": [], "missing_branches": []}}}, "src/domain/value_objects/base.py": {"executed_lines": [1, 3, 4, 5, 8, 9, 10, 19, 21, 22, 26, 27, 31, 32, 36], "summary": {"covered_lines": 7, "num_statements": 12, "percent_covered": 50.0, "percent_covered_display": "50.00", "missing_lines": 5, "excluded_lines": 16, "num_branches": 2, "num_partial_branches": 0, "covered_branches": 0, "missing_branches": 2}, "missing_lines": [38, 39, 40, 43, 44], "excluded_lines": [21, 22, 23, 24, 26, 27, 28, 29, 31, 32, 33, 34, 50, 51, 52, 53], "executed_branches": [], "missing_branches": [[38, 39], [38, 40]], "functions": {"ValueObject.__eq__": {"executed_lines": [], "summary": {"covered_lines": 0, "num_statements": 0, "percent_covered": 100.0, "percent_covered_display": "100.00", "missing_lines": 0, "excluded_lines": 2, "num_branches": 0, "num_partial_branches": 0, "covered_branches": 0, "missing_branches": 0}, "missing_lines": [], "excluded_lines": [23, 24], "executed_branches": [], "missing_branches": []}, "ValueObject.__hash__": {"executed_lines": [], "summary": {"covered_lines": 0, "num_statements": 0, "percent_covered": 100.0, "percent_covered_display": "100.00", "missing_lines": 0, "excluded_lines": 2, "num_branches": 0, "num_partial_branches": 0, "covered_branches": 0, "missing_branches": 0}, "missing_lines": [], "excluded_lines": [28, 29], "executed_branches": [], "missing_branches": []}, "ValueObject.__repr__": {"executed_lines": [], "summary": {"covered_lines": 0, "num_statements": 0, "percent_covered": 100.0, "percent_covered_display": "100.00", "missing_lines": 0, "excluded_lines": 2, "num_branches": 0, "num_partial_branches": 0, "covered_branches": 0, "missing_branches": 0}, "missing_lines": [], "excluded_lines": [33, 34], "executed_branches": [], "missing_branches": []}, "ValueObject.__setattr__": {"executed_lines": [], "summary": {"covered_lines": 0, "num_statements": 3, "percent_covered": 0.0, "percent_covered_display": "0.00", "missing_lines": 3, "excluded_lines": 0, "num_branches": 2, "num_partial_branches": 0, "covered_branches": 0, "missing_branches": 2}, "missing_lines": [38, 39, 40], "excluded_lines": [], "executed_branches": [], "missing_branches": [[38, 39], [38, 40]]}, "ComparableValueObject.__lt__": {"executed_lines": [], "summary": {"covered_lines": 0, "num_statements": 0, "percent_covered": 100.0, "percent_covered_display": "100.00", "missing_lines": 0, "excluded_lines": 2, "num_branches": 0, "num_partial_branches": 0, "covered_branches": 0, "missing_branches": 0}, "missing_lines": [], "excluded_lines": [52, 53], "executed_branches": [], "missing_branches": []}, "": {"executed_lines": [1, 3, 4, 5, 8, 9, 10, 19, 21, 22, 26, 27, 31, 32, 36], "summary": {"covered_lines": 7, "num_statements": 9, "percent_covered": 77.77777777777777, "percent_covered_display": "77.78", "missing_lines": 2, "excluded_lines": 8, "num_branches": 0, "num_partial_branches": 0, "covered_branches": 0, "missing_branches": 0}, "missing_lines": [43, 44], "excluded_lines": [21, 22, 26, 27, 31, 32, 50, 51], "executed_branches": [], "missing_branches": []}}, "classes": {"ValueObject": {"executed_lines": [], "summary": {"covered_lines": 0, "num_statements": 3, "percent_covered": 0.0, "percent_covered_display": "0.00", "missing_lines": 3, "excluded_lines": 6, "num_branches": 2, "num_partial_branches": 0, "covered_branches": 0, "missing_branches": 2}, "missing_lines": [38, 39, 40], "excluded_lines": [23, 24, 28, 29, 33, 34], "executed_branches": [], "missing_branches": [[38, 39], [38, 40]]}, "ComparableValueObject": {"executed_lines": [], "summary": {"covered_lines": 0, "num_statements": 0, "percent_covered": 100.0, "percent_covered_display": "100.00", "missing_lines": 0, "excluded_lines": 2, "num_branches": 0, "num_partial_branches": 0, "covered_branches": 0, "missing_branches": 0}, "missing_lines": [], "excluded_lines": [52, 53], "executed_branches": [], "missing_branches": []}, "": {"executed_lines": [1, 3, 4, 5, 8, 9, 10, 19, 21, 22, 26, 27, 31, 32, 36], "summary": {"covered_lines": 7, "num_statements": 9, "percent_covered": 77.77777777777777, "percent_covered_display": "77.78", "missing_lines": 2, "excluded_lines": 8, "num_branches": 0, "num_partial_branches": 0, "covered_branches": 0, "missing_branches": 0}, "missing_lines": [43, 44], "excluded_lines": [21, 22, 26, 27, 31, 32, 50, 51], "executed_branches": [], "missing_branches": []}}}, "src/domain/value_objects/money.py": {"executed_lines": [1, 3, 4, 7, 8, 10, 29, 30, 34, 35, 39, 58, 77, 91, 111, 124, 128, 132, 136, 160, 166, 174, 178, 186, 190, 194, 198, 202, 206], "summary": {"covered_lines": 25, "num_statements": 82, "percent_covered": 21.92982456140351, "percent_covered_display": "21.93", "missing_lines": 57, "excluded_lines": 6, "num_branches": 32, "num_partial_branches": 0, "covered_branches": 0, "missing_branches": 32}, "missing_lines": [20, 21, 23, 24, 26, 27, 32, 37, 51, 52, 53, 54, 56, 70, 71, 72, 73, 75, 86, 87, 89, 103, 104, 106, 107, 109, 120, 121, 122, 126, 130, 134, 147, 150, 152, 153, 154, 156, 158, 162, 163, 164, 168, 169, 170, 171, 172, 176, 180, 181, 182, 183, 184, 188, 192, 196, 200], "excluded_lines": [202, 203, 204, 206, 207, 208], "executed_branches": [], "missing_branches": [[20, 21], [20, 23], [26, -10], [26, 27], [51, 52], [51, 53], [53, 54], [53, 56], [70, 71], [70, 72], [72, 73], [72, 75], [86, 87], [86, 89], [103, 104], [103, 106], [106, 107], [106, 109], [152, 153], [152, 158], [153, 154], [153, 156], [162, 163], [162, 164], [168, 169], [168, 170], [170, 171], [170, 172], [180, 181], [180, 182], [182, 183], [182, 184]], "functions": {"Money.__init__": {"executed_lines": [], "summary": {"covered_lines": 0, "num_statements": 6, "percent_covered": 0.0, "percent_covered_display": "0.00", "missing_lines": 6, "excluded_lines": 0, "num_branches": 4, "num_partial_branches": 0, "covered_branches": 0, "missing_branches": 4}, "missing_lines": [20, 21, 23, 24, 26, 27], "excluded_lines": [], "executed_branches": [], "missing_branches": [[20, 21], [20, 23], [26, -10], [26, 27]]}, "Money.amount": {"executed_lines": [], "summary": {"covered_lines": 0, "num_statements": 1, "percent_covered": 0.0, "percent_covered_display": "0.00", "missing_lines": 1, "excluded_lines": 0, "num_branches": 0, "num_partial_branches": 0, "covered_branches": 0, "missing_branches": 0}, "missing_lines": [32], "excluded_lines": [], "executed_branches": [], "missing_branches": []}, "Money.currency": {"executed_lines": [], "summary": {"covered_lines": 0, "num_statements": 1, "percent_covered": 0.0, "percent_covered_display": "0.00", "missing_lines": 1, "excluded_lines": 0, "num_branches": 0, "num_partial_branches": 0, "covered_branches": 0, "missing_branches": 0}, "missing_lines": [37], "excluded_lines": [], "executed_branches": [], "missing_branches": []}, "Money.add": {"executed_lines": [], "summary": {"covered_lines": 0, "num_statements": 5, "percent_covered": 0.0, "percent_covered_display": "0.00", "missing_lines": 5, "excluded_lines": 0, "num_branches": 4, "num_partial_branches": 0, "covered_branches": 0, "missing_branches": 4}, "missing_lines": [51, 52, 53, 54, 56], "excluded_lines": [], "executed_branches": [], "missing_branches": [[51, 52], [51, 53], [53, 54], [53, 56]]}, "Money.subtract": {"executed_lines": [], "summary": {"covered_lines": 0, "num_statements": 5, "percent_covered": 0.0, "percent_covered_display": "0.00", "missing_lines": 5, "excluded_lines": 0, "num_branches": 4, "num_partial_branches": 0, "covered_branches": 0, "missing_branches": 4}, "missing_lines": [70, 71, 72, 73, 75], "excluded_lines": [], "executed_branches": [], "missing_branches": [[70, 71], [70, 72], [72, 73], [72, 75]]}, "Money.multiply": {"executed_lines": [], "summary": {"covered_lines": 0, "num_statements": 3, "percent_covered": 0.0, "percent_covered_display": "0.00", "missing_lines": 3, "excluded_lines": 0, "num_branches": 2, "num_partial_branches": 0, "covered_branches": 0, "missing_branches": 2}, "missing_lines": [86, 87, 89], "excluded_lines": [], "executed_branches": [], "missing_branches": [[86, 87], [86, 89]]}, "Money.divide": {"executed_lines": [], "summary": {"covered_lines": 0, "num_statements": 5, "percent_covered": 0.0, "percent_covered_display": "0.00", "missing_lines": 5, "excluded_lines": 0, "num_branches": 4, "num_partial_branches": 0, "covered_branches": 0, "missing_branches": 4}, "missing_lines": [103, 104, 106, 107, 109], "excluded_lines": [], "executed_branches": [], "missing_branches": [[103, 104], [103, 106], [106, 107], [106, 109]]}, "Money.round": {"executed_lines": [], "summary": {"covered_lines": 0, "num_statements": 3, "percent_covered": 0.0, "percent_covered_display": "0.00", "missing_lines": 3, "excluded_lines": 0, "num_branches": 0, "num_partial_branches": 0, "covered_branches": 0, "missing_branches": 0}, "missing_lines": [120, 121, 122], "excluded_lines": [], "executed_branches": [], "missing_branches": []}, "Money.is_positive": {"executed_lines": [], "summary": {"covered_lines": 0, "num_statements": 1, "percent_covered": 0.0, "percent_covered_display": "0.00", "missing_lines": 1, "excluded_lines": 0, "num_branches": 0, "num_partial_branches": 0, "covered_branches": 0, "missing_branches": 0}, "missing_lines": [126], "excluded_lines": [], "executed_branches": [], "missing_branches": []}, "Money.is_negative": {"executed_lines": [], "summary": {"covered_lines": 0, "num_statements": 1, "percent_covered": 0.0, "percent_covered_display": "0.00", "missing_lines": 1, "excluded_lines": 0, "num_branches": 0, "num_partial_branches": 0, "covered_branches": 0, "missing_branches": 0}, "missing_lines": [130], "excluded_lines": [], "executed_branches": [], "missing_branches": []}, "Money.is_zero": {"executed_lines": [], "summary": {"covered_lines": 0, "num_statements": 1, "percent_covered": 0.0, "percent_covered_display": "0.00", "missing_lines": 1, "excluded_lines": 0, "num_branches": 0, "num_partial_branches": 0, "covered_branches": 0, "missing_branches": 0}, "missing_lines": [134], "excluded_lines": [], "executed_branches": [], "missing_branches": []}, "Money.format": {"executed_lines": [], "summary": {"covered_lines": 0, "num_statements": 7, "percent_covered": 0.0, "percent_covered_display": "0.00", "missing_lines": 7, "excluded_lines": 0, "num_branches": 4, "num_partial_branches": 0, "covered_branches": 0, "missing_branches": 4}, "missing_lines": [147, 150, 152, 153, 154, 156, 158], "excluded_lines": [], "executed_branches": [], "missing_branches": [[152, 153], [152, 158], [153, 154], [153, 156]]}, "Money.__eq__": {"executed_lines": [], "summary": {"covered_lines": 0, "num_statements": 3, "percent_covered": 0.0, "percent_covered_display": "0.00", "missing_lines": 3, "excluded_lines": 0, "num_branches": 2, "num_partial_branches": 0, "covered_branches": 0, "missing_branches": 2}, "missing_lines": [162, 163, 164], "excluded_lines": [], "executed_branches": [], "missing_branches": [[162, 163], [162, 164]]}, "Money.__lt__": {"executed_lines": [], "summary": {"covered_lines": 0, "num_statements": 5, "percent_covered": 0.0, "percent_covered_display": "0.00", "missing_lines": 5, "excluded_lines": 0, "num_branches": 4, "num_partial_branches": 0, "covered_branches": 0, "missing_branches": 4}, "missing_lines": [168, 169, 170, 171, 172], "excluded_lines": [], "executed_branches": [], "missing_branches": [[168, 169], [168, 170], [170, 171], [170, 172]]}, "Money.__le__": {"executed_lines": [], "summary": {"covered_lines": 0, "num_statements": 1, "percent_covered": 0.0, "percent_covered_display": "0.00", "missing_lines": 1, "excluded_lines": 0, "num_branches": 0, "num_partial_branches": 0, "covered_branches": 0, "missing_branches": 0}, "missing_lines": [176], "excluded_lines": [], "executed_branches": [], "missing_branches": []}, "Money.__gt__": {"executed_lines": [], "summary": {"covered_lines": 0, "num_statements": 5, "percent_covered": 0.0, "percent_covered_display": "0.00", "missing_lines": 5, "excluded_lines": 0, "num_branches": 4, "num_partial_branches": 0, "covered_branches": 0, "missing_branches": 4}, "missing_lines": [180, 181, 182, 183, 184], "excluded_lines": [], "executed_branches": [], "missing_branches": [[180, 181], [180, 182], [182, 183], [182, 184]]}, "Money.__ge__": {"executed_lines": [], "summary": {"covered_lines": 0, "num_statements": 1, "percent_covered": 0.0, "percent_covered_display": "0.00", "missing_lines": 1, "excluded_lines": 0, "num_branches": 0, "num_partial_branches": 0, "covered_branches": 0, "missing_branches": 0}, "missing_lines": [188], "excluded_lines": [], "executed_branches": [], "missing_branches": []}, "Money.__neg__": {"executed_lines": [], "summary": {"covered_lines": 0, "num_statements": 1, "percent_covered": 0.0, "percent_covered_display": "0.00", "missing_lines": 1, "excluded_lines": 0, "num_branches": 0, "num_partial_branches": 0, "covered_branches": 0, "missing_branches": 0}, "missing_lines": [192], "excluded_lines": [], "executed_branches": [], "missing_branches": []}, "Money.__abs__": {"executed_lines": [], "summary": {"covered_lines": 0, "num_statements": 1, "percent_covered": 0.0, "percent_covered_display": "0.00", "missing_lines": 1, "excluded_lines": 0, "num_branches": 0, "num_partial_branches": 0, "covered_branches": 0, "missing_branches": 0}, "missing_lines": [196], "excluded_lines": [], "executed_branches": [], "missing_branches": []}, "Money.__hash__": {"executed_lines": [], "summary": {"covered_lines": 0, "num_statements": 1, "percent_covered": 0.0, "percent_covered_display": "0.00", "missing_lines": 1, "excluded_lines": 0, "num_branches": 0, "num_partial_branches": 0, "covered_branches": 0, "missing_branches": 0}, "missing_lines": [200], "excluded_lines": [], "executed_branches": [], "missing_branches": []}, "Money.__repr__": {"executed_lines": [], "summary": {"covered_lines": 0, "num_statements": 0, "percent_covered": 100.0, "percent_covered_display": "100.00", "missing_lines": 0, "excluded_lines": 2, "num_branches": 0, "num_partial_branches": 0, "covered_branches": 0, "missing_branches": 0}, "missing_lines": [], "excluded_lines": [203, 204], "executed_branches": [], "missing_branches": []}, "Money.__str__": {"executed_lines": [], "summary": {"covered_lines": 0, "num_statements": 0, "percent_covered": 100.0, "percent_covered_display": "100.00", "missing_lines": 0, "excluded_lines": 2, "num_branches": 0, "num_partial_branches": 0, "covered_branches": 0, "missing_branches": 0}, "missing_lines": [], "excluded_lines": [207, 208], "executed_branches": [], "missing_branches": []}, "": {"executed_lines": [1, 3, 4, 7, 8, 10, 29, 30, 34, 35, 39, 58, 77, 91, 111, 124, 128, 132, 136, 160, 166, 174, 178, 186, 190, 194, 198, 202, 206], "summary": {"covered_lines": 25, "num_statements": 25, "percent_covered": 100.0, "percent_covered_display": "100.00", "missing_lines": 0, "excluded_lines": 2, "num_branches": 0, "num_partial_branches": 0, "covered_branches": 0, "missing_branches": 0}, "missing_lines": [], "excluded_lines": [202, 206], "executed_branches": [], "missing_branches": []}}, "classes": {"Money": {"executed_lines": [], "summary": {"covered_lines": 0, "num_statements": 57, "percent_covered": 0.0, "percent_covered_display": "0.00", "missing_lines": 57, "excluded_lines": 4, "num_branches": 32, "num_partial_branches": 0, "covered_branches": 0, "missing_branches": 32}, "missing_lines": [20, 21, 23, 24, 26, 27, 32, 37, 51, 52, 53, 54, 56, 70, 71, 72, 73, 75, 86, 87, 89, 103, 104, 106, 107, 109, 120, 121, 122, 126, 130, 134, 147, 150, 152, 153, 154, 156, 158, 162, 163, 164, 168, 169, 170, 171, 172, 176, 180, 181, 182, 183, 184, 188, 192, 196, 200], "excluded_lines": [203, 204, 207, 208], "executed_branches": [], 
[...]
g_lines": [174, 175, 176], "excluded_lines": [], "executed_branches": [], "missing_branches": [[174, 175], [174, 176]]}, "Quantity.__lt__": {"executed_lines": [], "summary": {"covered_lines": 0, "num_statements": 3, "percent_covered": 0.0, "percent_covered_display": "0.00", "missing_lines": 3, "excluded_lines": 0, "num_branches": 2, "num_partial_branches": 0, "covered_branches": 0, "missing_branches": 2}, "missing_lines": [180, 181, 182], "excluded_lines": [], "executed_branches": [], "missing_branches": [[180, 181], [180, 182]]}, "Quantity.__le__": {"executed_lines": [], "summary": {"covered_lines": 0, "num_statements": 1, "percent_covered": 0.0, "percent_covered_display": "0.00", "missing_lines": 1, "excluded_lines": 0, "num_branches": 0, "num_partial_branches": 0, "covered_branches": 0, "missing_branches": 0}, "missing_lines": [186], "excluded_lines": [], "executed_branches": [], "missing_branches": []}, "Quantity.__gt__": {"executed_lines": [], "summary": {"covered_lines": 0, "num_statements": 3, "percent_covered": 0.0, "percent_covered_display": "0.00", "missing_lines": 3, "excluded_lines": 0, "num_branches": 2, "num_partial_branches": 0, "covered_branches": 0, "missing_branches": 2}, "missing_lines": [190, 191, 192], "excluded_lines": [], "executed_branches": [], "missing_branches": [[190, 191], [190, 192]]}, "Quantity.__ge__": {"executed_lines": [], "summary": {"covered_lines": 0, "num_statements": 1, "percent_covered": 0.0, "percent_covered_display": "0.00", "missing_lines": 1, "excluded_lines": 0, "num_branches": 0, "num_partial_branches": 0, "covered_branches": 0, "missing_branches": 0}, "missing_lines": [196], "excluded_lines": [], "executed_branches": [], "missing_branches": []}, "Quantity.__neg__": {"executed_lines": [], "summary": {"covered_lines": 0, "num_statements": 1, "percent_covered": 0.0, "percent_covered_display": "0.00", "missing_lines": 1, "excluded_lines": 0, "num_branches": 0, "num_partial_branches": 0, "covered_branches": 0, "missing_branches": 0}, "missing_lines": [200], "excluded_lines": [], "executed_branches": [], "missing_branches": []}, "Quantity.__abs__": {"executed_lines": [], "summary": {"covered_lines": 0, "num_statements": 1, "percent_covered": 0.0, "percent_covered_display": "0.00", "missing_lines": 1, "excluded_lines": 0, "num_branches": 0, "num_partial_branches": 0, "covered_branches": 0, "missing_branches": 0}, "missing_lines": [204], "excluded_lines": [], "executed_branches": [], "missing_branches": []}, "Quantity.__hash__": {"executed_lines": [], "summary": {"covered_lines": 0, "num_statements": 1, "percent_covered": 0.0, "percent_covered_display": "0.00", "missing_lines": 1, "excluded_lines": 0, "num_branches": 0, "num_partial_branches": 0, "covered_branches": 0, "missing_branches": 0}, "missing_lines": [208], "excluded_lines": [], "executed_branches": [], "missing_branches": []}, "Quantity.__repr__": {"executed_lines": [], "summary": {"covered_lines": 0, "num_statements": 0, "percent_covered": 100.0, "percent_covered_display": "100.00", "missing_lines": 0, "excluded_lines": 2, "num_branches": 0, "num_partial_branches": 0, "covered_branches": 0, "missing_branches": 0}, "missing_lines": [], "excluded_lines": [211, 212], "executed_branches": [], "missing_branches": []}, "Quantity.__str__": {"executed_lines": [], "summary": {"covered_lines": 0, "num_statements": 0, "percent_covered": 100.0, "percent_covered_display": "100.00", "missing_lines": 0, "excluded_lines": 5, "num_branches": 0, "num_partial_branches": 0, "covered_branches": 0, "missing_branches": 0}, "missing_lines": [], "excluded_lines": [215, 216, 217, 218, 219], "executed_branches": [], "missing_branches": []}, "": {"executed_lines": [1, 3, 4, 7, 8, 10, 26, 27, 31, 37, 41, 45, 49, 57, 71, 85, 99, 119, 156, 172, 178, 184, 188, 194, 198, 202, 206, 210, 214], "summary": {"covered_lines": 25, "num_statements": 25, "percent_covered": 100.0, "percent_covered_display": "100.00", "missing_lines": 0, "excluded_lines": 2, "num_branches": 0, "num_partial_branches": 0, "covered_branches": 0, "missing_branches": 0}, "missing_lines": [], "excluded_lines": [210, 214], "executed_branches": [], "missing_branches": []}}, "classes": {"Quantity": {"executed_lines": [], "summary": {"covered_lines": 0, "num_statements": 56, "percent_covered": 0.0, "percent_covered_display": "0.00", "missing_lines": 56, "excluded_lines": 7, "num_branches": 28, "num_partial_branches": 0, "covered_branches": 0, "missing_branches": 28}, "missing_lines": [19, 20, 24, 29, 35, 39, 43, 47, 55, 66, 67, 69, 80, 81, 83, 94, 95, 97, 111, 112, 114, 115, 117, 131, 132, 134, 135, 138, 139, 142, 143, 146, 147, 148, 150, 152, 154, 165, 166, 168, 169, 170, 174, 175, 176, 180, 181, 182, 186, 190, 191, 192, 196, 200, 204, 208], "excluded_lines": [211, 212, 215, 216, 217, 218, 219], "executed_branches": [], "missing_branches": [[19, 20], [19, 24], [66, 67], [66, 69], [80, 81], [80, 83], [94, 95], [94, 97], [111, 112], [111, 114], [114, 115], [114, 117], [131, 132], [131, 134], [134, 135], [134, 138], [147, 148], [147, 154], [148, 150], [148, 152], [165, 166], [165, 168], [174, 175], [174, 176], [180, 181], [180, 182], [190, 191], [190, 192]]}, "": {"executed_lines": [1, 3, 4, 7, 8, 10, 26, 27, 31, 37, 41, 45, 49, 57, 71, 85, 99, 119, 156, 172, 178, 184, 188, 194, 198, 202, 206, 210, 214], "summary": {"covered_lines": 25, "num_statements": 25, "percent_covered": 100.0, "percent_covered_display": "100.00", "missing_lines": 0, "excluded_lines": 2, "num_branches": 0, "num_partial_branches": 0, "covered_branches": 0, "missing_branches": 0}, "missing_lines": [], "excluded_lines": [210, 214], "executed_branches": [], "missing_branches": []}}}, "src/domain/value_objects/symbol.py": {"executed_lines": [1, 3, 6, 7, 10, 18, 40, 44, 67, 68, 72, 73, 77, 78, 82, 83, 87, 91, 95, 99, 113, 123, 129, 133, 137, 141, 147, 148], "summary": {"covered_lines": 24, "num_statements": 73, "percent_covered": 26.373626373626372, "percent_covered_display": "26.37", "missing_lines": 49, "excluded_lines": 6, "num_branches": 18, "num_partial_branches": 0, "covered_branches": 0, "missing_branches": 18}, "missing_lines": [27, 28, 31, 34, 35, 37, 38, 42, 47, 48, 49, 50, 52, 53, 54, 55, 57, 58, 59, 60, 61, 63, 64, 65, 70, 75, 80, 85, 89, 93, 97, 108, 109, 111, 119, 120, 121, 125, 126, 127, 131, 143, 144, 145, 157, 158, 159, 160, 161], "excluded_lines": [133, 134, 135, 137, 138, 139], "executed_branches": [], "missing_branches": [[27, 28], [27, 31], [34, 35], [34, 37], [47, 48], [47, 52], [52, 53], [52, 57], [57, 58], [57, 63], [108, 109], [108, 111], [119, 120], [119, 121], [125, 126], [125, 127], [143, 144], [143, 145]], "functions": {"Symbol.__init__": {"executed_lines": [], "summary": {"covered_lines": 0, "num_statements": 7, "percent_covered": 0.0, "percent_covered_display": "0.00", "missing_lines": 7, "excluded_lines": 0, "num_branches": 4, "num_partial_branches": 0, "covered_branches": 0, "missing_branches": 4}, "missing_lines": [27, 28, 31, 34, 35, 37, 38], "excluded_lines": [], "executed_branches": [], "missing_branches": [[27, 28], [27, 31], [34, 35], [34, 37]]}, "Symbol._is_valid_format": {"executed_lines": [], "summary": {"covered_lines": 0, "num_statements": 1, "percent_covered": 0.0, "percent_covered_display": "0.00", "missing_lines": 1, "excluded_lines": 0, "num_branches": 0, "num_partial_branches": 0, "covered_branches": 0, "missing_branches": 0}, "missing_lines": [42], "excluded_lines": [], "executed_branches": [], "missing_branches": []}, "Symbol._parse_components": {"executed_lines": [], "summary": {"covered_lines": 0, "num_statements": 16, "percent_covered": 0.0, "percent_covered_display": "0.00", "missing_lines": 16, "excluded_lines": 0, "num_branches": 6, "num_partial_branches": 0, "covered_branches": 0, "missing_branches": 6}, "missing_lines": [47, 48, 49, 50, 52, 53, 54, 55, 57, 58, 59, 60, 61, 63, 64, 65], "excluded_lines": [], "executed_branches": [], "missing_branches": [[47, 48], [47, 52], [52, 53], [52, 57], [57, 58], [57, 63]]}, "Symbol.value": {"executed_lines": [], "summary": {"covered_lines": 0, "num_statements": 1, "percent_covered": 0.0, "percent_covered_display": "0.00", "missing_lines": 1, "excluded_lines": 0, "num_branches": 0, "num_partial_branches": 0, "covered_branches": 0, "missing_branches": 0}, "missing_lines": [70], "excluded_lines": [], "executed_branches": [], "missing_branches": []}, "Symbol.base_symbol": {"executed_lines": [], "summary": {"covered_lines": 0, "num_statements": 1, "percent_covered": 0.0, "percent_covered_display": "0.00", "missing_lines": 1, "excluded_lines": 0, "num_branches": 0, "num_partial_branches": 0, "covered_branches": 0, "missing_branches": 0}, "missing_lines": [75], "excluded_lines": [], "executed_branches": [], "missing_branches": []}, "Symbol.exchange": {"executed_lines": [], "summary": {"covered_lines": 0, "num_statements": 1, "percent_covered": 0.0, "percent_covered_display": "0.00", "missing_lines": 1, "excluded_lines": 0, "num_branches": 0, "num_partial_branches": 0, "covered_branches": 0, "missing_branches": 0}, "missing_lines": [80], "excluded_lines": [], "executed_branches": [], "missing_branches": []}, "Symbol.quote_currency": {"executed_lines": [], "summary": {"covered_lines": 0, "num_statements": 1, "percent_covered": 0.0, "percent_covered_display": "0.00", "missing_lines": 1, "excluded_lines": 0, "num_branches": 0, "num_partial_branches": 0, "covered_branches": 0, "missing_branches": 0}, "missing_lines": [85], "excluded_lines": [], "executed_branches": [], "missing_branches": []}, "Symbol.is_crypto": {"executed_lines": [], "summary": {"covered_lines": 0, "num_statements": 1, "percent_covered": 0.0, "percent_covered_display": "0.00", "missing_lines": 1, "excluded_lines": 0, "num_branches": 0, "num_partial_branches": 0, "covered_branches": 0, "missing_branches": 0}, "missing_lines": [89], "excluded_lines": [], "executed_branches": [], "missing_branches": []}, "Symbol.is_option": {"executed_lines": [], "summary": {"covered_lines": 0, "num_statements": 1, "percent_covered": 0.0, "percent_covered_display": "0.00", "missing_lines": 1, "excluded_lines": 0, "num_branches": 0, "num_partial_branches": 0, "covered_branches": 0, "missing_branches": 0}, "missing_lines": [93], "excluded_lines": [], "executed_branches": [], "missing_branches": []}, "Symbol.is_stock": {"executed_lines": [], "summary": {"covered_lines": 0, "num_statements": 1, "percent_covered": 0.0, "percent_covered_display": "0.00", "missing_lines": 1, "excluded_lines": 0, "num_branches": 0, "num_partial_branches": 0, "covered_branches": 0, "missing_branches": 0}, "missing_lines": [97], "excluded_lines": [], "executed_branches": [], "missing_branches": []}, "Symbol.with_exchange": {"executed_lines": [], "summary": {"covered_lines": 0, "num_statements": 3, "percent_covered": 0.0, "percent_covered_display": "0.00", "missing_lines": 3, "excluded_lines": 0, "num_branches": 2, "num_partial_branches": 0, "covered_branches": 0, "missing_branches": 2}, "missing_lines": [108, 109, 111], "excluded_lines": [], "executed_branches": [], "missing_branches": [[108, 109], [108, 111]]}, "Symbol.without_exchange": {"executed_lines": [], "summary": {"covered_lines": 0, "num_statements": 3, "percent_covered": 0.0, "percent_covered_display": "0.00", "missing_lines": 3, "excluded_lines": 0, "num_branches": 2, "num_partial_branches": 0, "covered_branches": 0, "missing_branches": 2}, "missing_lines": [119, 120, 121], "excluded_lines": [], "executed_branches": [], "missing_branches": [[119, 120], [119, 121]]}, "Symbol.__eq__": {"executed_lines": [], "summary": {"covered_lines": 0, "num_statements": 3, "percent_covered": 0.0, "percent_covered_display": "0.00", "missing_lines": 3, "excluded_lines": 0, "num_branches": 2, "num_partial_branches": 0, "covered_branches": 0, "missing_branches": 2}, "missing_lines": [125, 126, 127], "excluded_lines": [], "executed_branches": [], "missing_branches": [[125, 126], [125, 127]]}, "Symbol.__hash__": {"executed_lines": [], "summary": {"covered_lines": 0, "num_statements": 1, "percent_covered": 0.0, "percent_covered_display": "0.00", "missing_lines": 1, "excluded_lines": 0, "num_branches": 0, "num_partial_branches": 0, "covered_branches": 0, "missing_branches": 0}, "missing_lines": [131], "excluded_lines": [], "executed_branches": [], "missing_branches": []}, "Symbol.__repr__": {"executed_lines": [], "summary": {"covered_lines": 0, "num_statements": 0, "percent_covered": 100.0, "percent_covered_display": "100.00", "missing_lines": 0, "excluded_lines": 2, "num_branches": 0, "num_partial_branches": 0, "covered_branches": 0, "missing_branches": 0}, "missing_lines": [], "excluded_lines": [134, 135], "executed_branches": [], "missing_branches": []}, "Symbol.__str__": {"executed_lines": [], "summary": {"covered_lines": 0, "num_statements": 0, "percent_covered": 100.0, "percent_covered_display": "100.00", "missing_lines": 0, "excluded_lines": 2, "num_branches": 0, "num_partial_branches": 0, "covered_branches": 0, "missing_branches": 0}, "missing_lines": [], "excluded_lines": [138, 139], "executed_branches": [], "missing_branches": []}, "Symbol.__lt__": {"executed_lines": [], "summary": {"covered_lines": 0, "num_statements": 3, "percent_covered": 0.0, "percent_covered_display": "0.00", "missing_lines": 3, "excluded_lines": 0, "num_branches": 2, "num_partial_branches": 0, "covered_branches": 0, "missing_branches": 2}, "missing_lines": [143, 144, 145], "excluded_lines": [], "executed_branches": [], "missing_branches": [[143, 144], [143, 145]]}, "Symbol.validate": {"executed_lines": [], "summary": {"covered_lines": 0, "num_statements": 5, "percent_covered": 0.0, "percent_covered_display": "0.00", "missing_lines": 5, "excluded_lines": 0, "num_branches": 0, "num_partial_branches": 0, "covered_branches": 0, "missing_branches": 0}, "missing_lines": [157, 158, 159, 160, 161], "excluded_lines": [], "executed_branches": [], "missing_branches": []}, "": {"executed_lines": [1, 3, 6, 7, 10, 18, 40, 44, 67, 68, 72, 73, 77, 78, 82, 83, 87, 91, 95, 99, 113, 123, 129, 133, 137, 141, 147, 148], "summary": {"covered_lines": 24, "num_statements": 24, "percent_covered": 100.0, "percent_covered_display": "100.00", "missing_lines": 0, "excluded_lines": 2, "num_branches": 0, "num_partial_branches": 0, "covered_branches": 0, "missing_branches": 0}, "missing_lines": [], "excluded_lines": [133, 137], "executed_branches": [], "missing_branches": []}}, "classes": {"Symbol": {"executed_lines": [], "summary": {"covered_lines": 0, "num_statements": 49, "percent_covered": 0.0, "percent_covered_display": "0.00", "missing_lines": 49, "excluded_lines": 4, "num_branches": 18, "num_partial_branches": 0, "covered_branches": 0, "missing_branches": 18}, "missing_lines": [27, 28, 31, 34, 35, 37, 38, 42, 47, 48, 49, 50, 52, 53, 54, 55, 57, 58, 59, 60, 61, 63, 64, 65, 70, 75, 80, 85, 89, 93, 97, 108, 109, 111, 119, 120, 121, 125, 126, 127, 131, 143, 144, 145, 157, 158, 159, 160, 161], "excluded_lines": [134, 135, 138, 139], "executed_branches": [], "missing_branches": [[27, 28], [27, 31], [34, 35], [34, 37], [47, 48], [47, 52], [52, 53], [52, 57], [57, 58], [57, 63], [108, 109], [108, 111], [119, 120], [119, 121], [125, 126], [125, 127], [143, 144], [143, 145]]}, "": {"executed_lines": [1, 3, 6, 7, 10, 18, 40, 44, 67, 68, 72, 73, 77, 78, 82, 83, 87, 91, 95, 99, 113, 123, 129, 133, 137, 141, 147, 148], "summary": {"covered_lines": 24, "num_statements": 24, "percent_covered": 100.0, "percent_covered_display": "100.00", "missing_lines": 0, "excluded_lines": 2, "num_branches": 0, "num_partial_branches": 0, "covered_branches": 0, "missing_branches": 0}, "missing_lines": [], "excluded_lines": [133, 137], "executed_branches": [], "missing_branches": []}}}, "src/domain/value_objects/utils.py": {"executed_lines": [], "summary": {"covered_lines": 0, "num_statements": 5, "percent_covered": 0.0, "percent_covered_display": "0.00", "missing_lines": 5, "excluded_lines": 0, "num_branches": 2, "num_partial_branches": 0, "covered_branches": 0, "missing_branches": 2}, "missing_lines": [3, 6, 15, 16, 17], "excluded_lines": [], "executed_branches": [], "missing_branches": [[15, 16], [15, 17]], "functions": {"ensure_decimal": {"executed_lines": [], "summary": {"covered_lines": 0, "num_statements": 3, "percent_covered": 0.0, "percent_covered_display": "0.00", "missing_lines": 3, "excluded_lines": 0, "num_branches": 2, "num_partial_branches": 0, "covered_branches": 0, "missing_branches": 2}, "missing_lines": [15, 16, 17], "excluded_lines": [], "executed_branches": [], "missing_branches": [[15, 16], [15, 17]]}, "": {"executed_lines": [], "summary": {"covered_lines": 0, "num_statements": 2, "percent_covered": 0.0, "percent_covered_display": "0.00", "missing_lines": 2, "excluded_lines": 0, "num_branches": 0, "num_partial_branches": 0, "covered_branches": 0, "missing_branches": 0}, "missing_lines": [3, 6], "excluded_lines": [], "executed_branches": [], "missing_branches": []}}, "classes": {"": {"executed_lines": [], "summary": {"covered_lines": 0, "num_statements": 5, "percent_covered": 0.0, "percent_covered_display": "0.00", "missing_lines": 5, "excluded_lines": 0, "num_branches": 2, "num_partial_branches": 0, "covered_branches": 0, "missing_branches": 2}, "missing_lines": [3, 6, 15, 16, 17], "excluded_lines": [], "executed_branches": [], "missing_branches": [[15, 16], [15, 17]]}}}, "src/infrastructure/__init__.py": {"executed_lines": [], "summary": {"covered_lines": 0, "num_statements": 0, "percent_covered": 100.0, "percent_covered_display": "100.00", "missing_lines": 0, "excluded_lines": 0, "num_branches": 0, "num_partial_branches": 0, "covered_branches": 0, "missing_branches": 0}, "missing_lines": [], "excluded_lines": [], "executed_branches": [], "missing_branches": [], "functions": {"": {"executed_lines": [], "summary": {"covered_lines": 0, "num_statements": 0, "percent_covered": 100.0, "percent_covered_display": "100.00", "missing_lines": 0, "excluded_lines": 0, "num_branches": 0, "num_partial_branches": 0, "covered_branches": 0, "missing_branches": 0}, "missing_lines": [], "excluded_lines": [], "executed_branches": [], "missing_branches": []}}, "classes": {"": {"executed_lines": [], "summary": {"covered_lines": 0, "num_statements": 0, "percent_covered": 100.0, "percent_covered_display": "100.00", "missing_lines": 0, "excluded_lines": 0, "num_branches": 0, "num_partial_branches": 0, "covered_branches": 0, "missing_branches": 0}, "missing_lines": [], "excluded_lines": [], "executed_branches": [], "missing_branches": []}}}, "src/interfaces/__init__.py": {"executed_lines": [], "summary": {"covered_lines": 0, "num_statements": 0, "percent_covered": 100.0, "percent_covered_display": "100.00", "missing_lines": 0, "excluded_lines": 0, "num_branches": 0, "num_partial_branches": 0, "covered_branches": 0, "missing_branches": 0}, "missing_lines": [], "excluded_lines": [], "executed_branches": [], "missing_branches": [], "functions": {"": {"executed_lines": [], "summary": {"covered_lines": 0, "num_statements": 0, "percent_covered": 100.0, "percent_covered_display": "100.00", "missing_lines": 0, "excluded_lines": 0, "num_branches": 0, "num_partial_branches": 0, "covered_branches": 0, "missing_branches": 0}, "missing_lines": [], "excluded_lines": [], "executed_branches": [], "missing_branches": []}}, "classes": {"": {"executed_lines": [], "summary": {"covered_lines": 0, "num_statements": 0, "percent_covered": 100.0, "percent_covered_display": "100.00", "missing_lines": 0, "excluded_lines": 0, "num_branches": 0, "num_partial_branches": 0, "covered_branches": 0, "missing_branches": 0}, "missing_lines": [], "excluded_lines": [], "executed_branches": [], "missing_branches": []}}}}, "totals": {"covered_lines": 298, "num_statements": 1009, "percent_covered": 20.853743876836948, "percent_covered_display": "20.85", "missing_lines": 711, "excluded_lines": 79, "num_branches": 420, "num_partial_branches": 0, "covered_branches": 0, "missing_branches": 420}}
